2024-11-11 11:09:27,184 - Training started.
2024-11-11 11:11:56,305 - Training started.
2024-11-11 11:12:49,859 - Training started.
2024-11-11 11:14:56,575 - Training started.
2024-11-11 11:16:57,254 - Training started.
2024-11-11 11:17:21,789 - Training started.
2024-11-11 11:17:26,561 - inputs.shape: torch.Size([60, 1000, 1])
2024-11-11 11:17:31,803 - Epoch 0 | Loss: 0.6931471824645996 | Accuracy: 0.5 | F1: 0.0
2024-11-11 11:17:36,358 - Epoch 0 | Loss: 0.6937342286109924 | Accuracy: 0.42857142857142855 | F1: 0.6
2024-11-11 11:17:36,365 - New best model saved with accuracy: 0.4286
2024-11-11 11:17:40,986 - Epoch 1 | Loss: 0.6932569146156311 | Accuracy: 0.48333333333333334 | F1: 0.5866666666666667
2024-11-11 11:17:45,082 - Epoch 1 | Loss: 0.6940603256225586 | Accuracy: 0.42857142857142855 | F1: 0.6
2024-11-11 11:17:49,217 - Epoch 2 | Loss: 0.6924139857292175 | Accuracy: 0.5833333333333334 | F1: 0.6153846153846154
2024-11-11 11:17:53,236 - Epoch 2 | Loss: 0.6944612860679626 | Accuracy: 0.42857142857142855 | F1: 0.6
2024-11-11 11:17:57,790 - Epoch 3 | Loss: 0.6942931413650513 | Accuracy: 0.4166666666666667 | F1: 0.5333333333333333
2024-11-11 11:18:01,978 - Epoch 3 | Loss: 0.694577157497406 | Accuracy: 0.42857142857142855 | F1: 0.6
2024-11-11 11:18:06,147 - Epoch 4 | Loss: 0.6934572458267212 | Accuracy: 0.48333333333333334 | F1: 0.5866666666666667
2024-11-11 11:18:10,433 - Epoch 4 | Loss: 0.6946250796318054 | Accuracy: 0.42857142857142855 | F1: 0.6
2024-11-11 11:18:14,766 - Epoch 5 | Loss: 0.6924816370010376 | Accuracy: 0.55 | F1: 0.6301369863013698
2024-11-11 11:18:18,833 - Epoch 5 | Loss: 0.6947268843650818 | Accuracy: 0.42857142857142855 | F1: 0.6
2024-11-11 11:18:23,536 - Epoch 6 | Loss: 0.6924421191215515 | Accuracy: 0.55 | F1: 0.64
2024-11-11 11:18:27,650 - Epoch 6 | Loss: 0.6948713064193726 | Accuracy: 0.42857142857142855 | F1: 0.6
2024-11-11 11:18:32,107 - Epoch 7 | Loss: 0.6912081837654114 | Accuracy: 0.6166666666666667 | F1: 0.6567164179104478
2024-11-11 11:18:36,448 - Training completed. Total time: 74.6587 seconds.
2024-11-11 11:38:06,142 - Training started.
2024-11-11 11:38:10,969 - inputs.shape: torch.Size([60, 1000, 1])
2024-11-11 11:38:15,253 - Epoch 0 | Loss: 0.7728765606880188 | Accuracy: 0.43333333333333335 | F1: 0.5142857142857142
2024-11-11 11:38:18,741 - Epoch 0 | Loss: 0.7155503034591675 | Accuracy: 0.5571428571428572 | F1: 0.6436781609195402
2024-11-11 11:38:18,744 - New best model saved with accuracy: 0.5571
2024-11-11 11:38:22,285 - Epoch 1 | Loss: 0.7101121544837952 | Accuracy: 0.5666666666666667 | F1: 0.6176470588235294
2024-11-11 11:38:25,689 - Epoch 1 | Loss: 0.7153957486152649 | Accuracy: 0.5571428571428572 | F1: 0.6436781609195402
2024-11-11 11:38:29,219 - Epoch 2 | Loss: 0.7330363988876343 | Accuracy: 0.5166666666666667 | F1: 0.5797101449275363
2024-11-11 11:38:32,658 - Epoch 2 | Loss: 0.7152613997459412 | Accuracy: 0.5571428571428572 | F1: 0.6436781609195402
2024-11-11 11:38:36,144 - Epoch 3 | Loss: 0.7214707136154175 | Accuracy: 0.55 | F1: 0.6086956521739131
2024-11-11 11:38:36,802 - Training completed. Total time: 30.6599 seconds.
2024-11-11 11:44:11,113 - Training started.
2024-11-11 11:44:19,262 - Epoch 0 | Loss: 0.6937215924263 | Accuracy: 0.5 | F1: 0.6666666666666666
2024-11-11 11:44:19,297 - Epoch 0 | Loss: 0.6985247135162354 | Accuracy: 0.42857142857142855 | F1: 0.6
2024-11-11 11:44:19,328 - New best model saved with accuracy: 0.4286
2024-11-11 11:44:19,402 - Epoch 1 | Loss: 0.6937084197998047 | Accuracy: 0.5 | F1: 0.6666666666666666
2024-11-11 11:44:19,448 - Epoch 1 | Loss: 0.6984841227531433 | Accuracy: 0.42857142857142855 | F1: 0.6
2024-11-11 11:44:19,508 - Epoch 2 | Loss: 0.6936929821968079 | Accuracy: 0.5 | F1: 0.6666666666666666
2024-11-11 11:44:19,559 - Epoch 2 | Loss: 0.6984401345252991 | Accuracy: 0.42857142857142855 | F1: 0.6
2024-11-11 11:44:19,614 - Epoch 3 | Loss: 0.693673849105835 | Accuracy: 0.5 | F1: 0.6666666666666666
2024-11-11 11:44:19,664 - Epoch 3 | Loss: 0.6983922719955444 | Accuracy: 0.42857142857142855 | F1: 0.6
2024-11-11 11:44:19,722 - Epoch 4 | Loss: 0.6936476826667786 | Accuracy: 0.5 | F1: 0.6666666666666666
2024-11-11 11:44:19,769 - Epoch 4 | Loss: 0.6983415484428406 | Accuracy: 0.42857142857142855 | F1: 0.6
2024-11-11 11:44:19,824 - Epoch 5 | Loss: 0.6936123967170715 | Accuracy: 0.5 | F1: 0.6666666666666666
2024-11-11 11:44:19,872 - Epoch 5 | Loss: 0.6982883214950562 | Accuracy: 0.42857142857142855 | F1: 0.6
2024-11-11 11:44:19,932 - Epoch 6 | Loss: 0.6935698390007019 | Accuracy: 0.5 | F1: 0.6666666666666666
2024-11-11 11:44:19,979 - Epoch 6 | Loss: 0.6982325911521912 | Accuracy: 0.42857142857142855 | F1: 0.6
2024-11-11 11:44:20,035 - Epoch 7 | Loss: 0.6935060024261475 | Accuracy: 0.5 | F1: 0.6666666666666666
2024-11-11 11:44:20,082 - Epoch 7 | Loss: 0.698173999786377 | Accuracy: 0.42857142857142855 | F1: 0.6
2024-11-11 11:44:20,144 - Epoch 8 | Loss: 0.6934444904327393 | Accuracy: 0.5 | F1: 0.6666666666666666
2024-11-11 11:44:20,193 - Epoch 8 | Loss: 0.6981115937232971 | Accuracy: 0.42857142857142855 | F1: 0.6
2024-11-11 11:44:20,250 - Epoch 9 | Loss: 0.6933300495147705 | Accuracy: 0.5 | F1: 0.6666666666666666
2024-11-11 11:44:20,297 - Epoch 9 | Loss: 0.6980452537536621 | Accuracy: 0.42857142857142855 | F1: 0.6
2024-11-11 11:44:20,357 - Epoch 10 | Loss: 0.6932340264320374 | Accuracy: 0.5 | F1: 0.6666666666666666
2024-11-11 11:44:20,405 - Epoch 10 | Loss: 0.6979748606681824 | Accuracy: 0.42857142857142855 | F1: 0.6
2024-11-11 11:44:20,459 - Epoch 11 | Loss: 0.69309401512146 | Accuracy: 0.5 | F1: 0.6666666666666666
2024-11-11 11:44:20,508 - Epoch 11 | Loss: 0.6979004740715027 | Accuracy: 0.42857142857142855 | F1: 0.6
2024-11-11 11:44:20,567 - Epoch 12 | Loss: 0.6929436922073364 | Accuracy: 0.5 | F1: 0.6666666666666666
2024-11-11 11:44:20,615 - Epoch 12 | Loss: 0.6978223323822021 | Accuracy: 0.42857142857142855 | F1: 0.6
2024-11-11 11:44:20,682 - Epoch 13 | Loss: 0.6927415728569031 | Accuracy: 0.5 | F1: 0.6666666666666666
2024-11-11 11:44:20,720 - Epoch 13 | Loss: 0.697740375995636 | Accuracy: 0.42857142857142855 | F1: 0.6
2024-11-11 11:44:20,778 - Epoch 14 | Loss: 0.692512035369873 | Accuracy: 0.5 | F1: 0.6666666666666666
2024-11-11 11:44:20,828 - Epoch 14 | Loss: 0.697655439376831 | Accuracy: 0.42857142857142855 | F1: 0.6
2024-11-11 11:44:20,884 - Epoch 15 | Loss: 0.6922600269317627 | Accuracy: 0.5 | F1: 0.6666666666666666
2024-11-11 11:44:20,932 - Epoch 15 | Loss: 0.6975666880607605 | Accuracy: 0.42857142857142855 | F1: 0.6
2024-11-11 11:44:20,992 - Epoch 16 | Loss: 0.6919789910316467 | Accuracy: 0.5 | F1: 0.6666666666666666
2024-11-11 11:44:21,040 - Epoch 16 | Loss: 0.6974695324897766 | Accuracy: 0.42857142857142855 | F1: 0.6
2024-11-11 11:44:21,096 - Epoch 17 | Loss: 0.6915897727012634 | Accuracy: 0.5 | F1: 0.6666666666666666
2024-11-11 11:44:21,146 - Epoch 17 | Loss: 0.6973627805709839 | Accuracy: 0.42857142857142855 | F1: 0.6
2024-11-11 11:44:21,205 - Epoch 18 | Loss: 0.691257655620575 | Accuracy: 0.5 | F1: 0.6666666666666666
2024-11-11 11:44:21,253 - Epoch 18 | Loss: 0.6972463130950928 | Accuracy: 0.42857142857142855 | F1: 0.6
2024-11-11 11:44:21,305 - Epoch 19 | Loss: 0.6908572912216187 | Accuracy: 0.5 | F1: 0.6666666666666666
2024-11-11 11:44:21,354 - Epoch 19 | Loss: 0.6971116065979004 | Accuracy: 0.42857142857142855 | F1: 0.6
2024-11-11 11:44:21,414 - Epoch 20 | Loss: 0.6903316974639893 | Accuracy: 0.5 | F1: 0.6666666666666666
2024-11-11 11:44:21,461 - Epoch 20 | Loss: 0.6969557404518127 | Accuracy: 0.42857142857142855 | F1: 0.6
2024-11-11 11:44:21,520 - Epoch 21 | Loss: 0.6896291971206665 | Accuracy: 0.5 | F1: 0.6666666666666666
2024-11-11 11:44:21,566 - Epoch 21 | Loss: 0.6967343091964722 | Accuracy: 0.42857142857142855 | F1: 0.6
2024-11-11 11:44:21,625 - Epoch 22 | Loss: 0.6890202164649963 | Accuracy: 0.5 | F1: 0.6666666666666666
2024-11-11 11:44:21,674 - Epoch 22 | Loss: 0.6964344382286072 | Accuracy: 0.42857142857142855 | F1: 0.6
2024-11-11 11:44:21,729 - Epoch 23 | Loss: 0.6883679032325745 | Accuracy: 0.5 | F1: 0.6666666666666666
2024-11-11 11:44:21,776 - Epoch 23 | Loss: 0.6960499286651611 | Accuracy: 0.42857142857142855 | F1: 0.6
2024-11-11 11:44:21,834 - Epoch 24 | Loss: 0.6876587271690369 | Accuracy: 0.5 | F1: 0.6666666666666666
2024-11-11 11:44:21,882 - Epoch 24 | Loss: 0.6956409215927124 | Accuracy: 0.42857142857142855 | F1: 0.6
2024-11-11 11:44:21,938 - Epoch 25 | Loss: 0.6868706345558167 | Accuracy: 0.5 | F1: 0.6666666666666666
2024-11-11 11:44:21,986 - Epoch 25 | Loss: 0.6952738165855408 | Accuracy: 0.42857142857142855 | F1: 0.6
2024-11-11 11:44:22,047 - Epoch 26 | Loss: 0.6861041784286499 | Accuracy: 0.5 | F1: 0.6666666666666666
2024-11-11 11:44:22,094 - Training completed. Total time: 10.9807 seconds.
2024-11-14 10:09:02,281 - Training started.
2024-11-14 10:09:06,749 - inputs.shape: torch.Size([60, 1000, 1])
2024-11-14 10:09:10,790 - Epoch 0 | Loss: 0.6931471824645996 | Accuracy: 0.5 | F1: 0.0
2024-11-14 10:09:14,340 - Epoch 0 | Loss: 0.6931433081626892 | Accuracy: 0.5714285714285714 | F1: 0.0
2024-11-14 10:09:14,347 - New best model saved with accuracy: 0.5714
2024-11-14 10:09:18,076 - Epoch 1 | Loss: 0.6931472420692444 | Accuracy: 0.5 | F1: 0.0
2024-11-14 10:09:21,744 - Epoch 1 | Loss: 0.6931539177894592 | Accuracy: 0.42857142857142855 | F1: 0.6
2024-11-14 10:09:25,639 - Epoch 2 | Loss: 0.6931471824645996 | Accuracy: 0.5 | F1: 0.6666666666666666
2024-11-14 10:09:29,231 - Epoch 2 | Loss: 0.6931501030921936 | Accuracy: 0.42857142857142855 | F1: 0.6
2024-11-14 10:09:33,253 - Epoch 3 | Loss: 0.6931471824645996 | Accuracy: 0.5 | F1: 0.6666666666666666
2024-11-14 10:09:36,841 - Epoch 3 | Loss: 0.6931442618370056 | Accuracy: 0.5714285714285714 | F1: 0.0
2024-11-14 10:09:40,432 - Epoch 4 | Loss: 0.6931471824645996 | Accuracy: 0.5 | F1: 0.0
2024-11-14 10:09:43,892 - Epoch 4 | Loss: 0.6931421756744385 | Accuracy: 0.5714285714285714 | F1: 0.0
2024-11-14 10:09:48,037 - Epoch 5 | Loss: 0.6931471824645996 | Accuracy: 0.5 | F1: 0.0
2024-11-14 10:09:51,793 - Epoch 5 | Loss: 0.6931443214416504 | Accuracy: 0.5714285714285714 | F1: 0.0
2024-11-14 10:09:55,630 - Epoch 6 | Loss: 0.6931471824645996 | Accuracy: 0.5 | F1: 0.0
2024-11-14 10:09:59,509 - Epoch 6 | Loss: 0.6931480765342712 | Accuracy: 0.42857142857142855 | F1: 0.6
2024-11-14 10:10:03,479 - Epoch 7 | Loss: 0.6931471824645996 | Accuracy: 0.5 | F1: 0.6666666666666666
2024-11-14 10:10:07,195 - Epoch 7 | Loss: 0.6931507587432861 | Accuracy: 0.42857142857142855 | F1: 0.6
2024-11-14 10:10:11,254 - Epoch 8 | Loss: 0.6931471824645996 | Accuracy: 0.5 | F1: 0.6666666666666666
2024-11-14 10:10:14,716 - Epoch 8 | Loss: 0.6931508183479309 | Accuracy: 0.42857142857142855 | F1: 0.6
2024-11-14 10:10:18,515 - Epoch 9 | Loss: 0.6931472420692444 | Accuracy: 0.5 | F1: 0.6666666666666666
2024-11-14 10:10:22,502 - Epoch 9 | Loss: 0.693148672580719 | Accuracy: 0.42857142857142855 | F1: 0.6
2024-11-14 10:10:26,482 - Epoch 10 | Loss: 0.6931471824645996 | Accuracy: 0.5 | F1: 0.6666666666666666
2024-11-14 10:10:30,199 - Epoch 10 | Loss: 0.6931459307670593 | Accuracy: 0.5714285714285714 | F1: 0.0
2024-11-14 10:10:33,817 - Epoch 11 | Loss: 0.6931471824645996 | Accuracy: 0.5 | F1: 0.0
2024-11-14 10:10:37,324 - Epoch 11 | Loss: 0.6931442022323608 | Accuracy: 0.5714285714285714 | F1: 0.0
2024-11-14 10:10:41,194 - Epoch 12 | Loss: 0.6931471824645996 | Accuracy: 0.5 | F1: 0.0
2024-11-14 10:10:44,617 - Epoch 12 | Loss: 0.6931443214416504 | Accuracy: 0.5714285714285714 | F1: 0.0
2024-11-14 10:10:48,160 - Training completed. Total time: 105.8782 seconds.
2024-11-14 14:37:49,731 - Training started.
2024-11-14 14:39:17,139 - Training started.
2024-11-14 14:39:21,435 - inputs.shape: torch.Size([64, 6000, 1])
2024-11-14 14:39:33,416 - Epoch 0 | Loss: 0.6931506640770856 | Accuracy: 0.484027105517909 | F1: 0.31047865459249674
2024-11-14 14:39:38,312 - Epoch 0 | Loss: 0.6931460946798325 | Accuracy: 0.502262443438914 | F1: 0.0
2024-11-14 14:39:38,371 - New best model saved with accuracy: 0.5023
2024-11-14 14:39:49,913 - Epoch 1 | Loss: 0.6931585283840404 | Accuracy: 0.4995159728944821 | F1: 0.0
2024-11-14 14:39:54,630 - Epoch 1 | Loss: 0.6931453496217728 | Accuracy: 0.502262443438914 | F1: 0.0
2024-11-14 14:40:06,226 - Epoch 2 | Loss: 0.6931508534094867 | Accuracy: 0.4995159728944821 | F1: 0.0
2024-11-14 14:40:11,166 - Epoch 2 | Loss: 0.6931468695402145 | Accuracy: 0.502262443438914 | F1: 0.0
2024-11-14 14:40:22,930 - Epoch 3 | Loss: 0.6931455450899461 | Accuracy: 0.5062923523717329 | F1: 0.6567967698519516
2024-11-14 14:40:27,911 - Epoch 3 | Loss: 0.6931500434875488 | Accuracy: 0.497737556561086 | F1: 0.6646525679758308
2024-11-14 14:40:39,478 - Epoch 4 | Loss: 0.6931449700804317 | Accuracy: 0.5004840271055179 | F1: 0.6670967741935484
2024-11-14 14:40:44,232 - Epoch 4 | Loss: 0.6931498497724533 | Accuracy: 0.497737556561086 | F1: 0.6646525679758308
2024-11-14 14:40:55,688 - Epoch 5 | Loss: 0.693129160824944 | Accuracy: 0.5004840271055179 | F1: 0.6670967741935484
2024-11-14 14:41:00,457 - Epoch 5 | Loss: 0.6931522190570831 | Accuracy: 0.497737556561086 | F1: 0.6646525679758308
2024-11-14 14:41:12,177 - Epoch 6 | Loss: 0.6931402893627391 | Accuracy: 0.5004840271055179 | F1: 0.6670967741935484
2024-11-14 14:41:17,320 - Epoch 6 | Loss: 0.6931559592485428 | Accuracy: 0.497737556561086 | F1: 0.6646525679758308
2024-11-14 14:41:28,815 - Epoch 7 | Loss: 0.6931412220001221 | Accuracy: 0.5004840271055179 | F1: 0.6670967741935484
2024-11-14 14:41:33,638 - Epoch 7 | Loss: 0.693156972527504 | Accuracy: 0.497737556561086 | F1: 0.6646525679758308
2024-11-14 14:41:45,406 - Epoch 8 | Loss: 0.6931280528797823 | Accuracy: 0.5004840271055179 | F1: 0.6670967741935484
2024-11-14 14:41:50,263 - Epoch 8 | Loss: 0.6931584924459457 | Accuracy: 0.497737556561086 | F1: 0.6646525679758308
2024-11-14 14:42:01,782 - Epoch 9 | Loss: 0.6930985170252183 | Accuracy: 0.5004840271055179 | F1: 0.6670967741935484
2024-11-14 14:42:06,512 - Epoch 9 | Loss: 0.6931594461202621 | Accuracy: 0.497737556561086 | F1: 0.6646525679758308
2024-11-14 14:42:18,187 - Epoch 10 | Loss: 0.693181640961591 | Accuracy: 0.5004840271055179 | F1: 0.6670967741935484
2024-11-14 14:42:23,076 - Epoch 10 | Loss: 0.6931639164686203 | Accuracy: 0.497737556561086 | F1: 0.6646525679758308
2024-11-14 14:42:34,708 - Epoch 11 | Loss: 0.6931461867164163 | Accuracy: 0.5004840271055179 | F1: 0.6670967741935484
2024-11-14 14:42:39,387 - Epoch 11 | Loss: 0.6931611895561218 | Accuracy: 0.497737556561086 | F1: 0.6646525679758308
2024-11-14 14:42:50,973 - Epoch 12 | Loss: 0.6931937336921692 | Accuracy: 0.5004840271055179 | F1: 0.6670967741935484
2024-11-14 14:42:55,709 - Epoch 12 | Loss: 0.6931624114513397 | Accuracy: 0.497737556561086 | F1: 0.6646525679758308
2024-11-14 14:43:07,197 - Epoch 13 | Loss: 0.6931390587021323 | Accuracy: 0.5004840271055179 | F1: 0.6670967741935484
2024-11-14 14:43:11,905 - Epoch 13 | Loss: 0.6931607872247696 | Accuracy: 0.497737556561086 | F1: 0.6646525679758308
2024-11-14 14:43:23,554 - Epoch 14 | Loss: 0.6931398826486924 | Accuracy: 0.5004840271055179 | F1: 0.6670967741935484
2024-11-14 14:43:28,240 - Epoch 14 | Loss: 0.6931605339050293 | Accuracy: 0.497737556561086 | F1: 0.6646525679758308
2024-11-14 14:43:39,916 - Epoch 15 | Loss: 0.6931565544184517 | Accuracy: 0.5004840271055179 | F1: 0.6670967741935484
2024-11-14 14:43:44,647 - Epoch 15 | Loss: 0.6931612193584442 | Accuracy: 0.497737556561086 | F1: 0.6646525679758308
2024-11-14 14:43:56,284 - Epoch 16 | Loss: 0.6931092739105225 | Accuracy: 0.5004840271055179 | F1: 0.6670967741935484
2024-11-14 14:44:01,026 - Epoch 16 | Loss: 0.6931603103876114 | Accuracy: 0.497737556561086 | F1: 0.6646525679758308
2024-11-14 14:44:12,569 - Epoch 17 | Loss: 0.6931024018455955 | Accuracy: 0.5004840271055179 | F1: 0.6670967741935484
2024-11-14 14:44:17,351 - Epoch 17 | Loss: 0.6931634992361069 | Accuracy: 0.497737556561086 | F1: 0.6646525679758308
2024-11-14 14:44:29,013 - Epoch 18 | Loss: 0.6931164510109845 | Accuracy: 0.5004840271055179 | F1: 0.6670967741935484
2024-11-14 14:44:33,991 - Epoch 18 | Loss: 0.6931663304567337 | Accuracy: 0.497737556561086 | F1: 0.6646525679758308
2024-11-14 14:44:45,604 - Epoch 19 | Loss: 0.6931356857804691 | Accuracy: 0.5004840271055179 | F1: 0.6670967741935484
2024-11-14 14:44:50,326 - Epoch 19 | Loss: 0.6931679993867874 | Accuracy: 0.497737556561086 | F1: 0.6646525679758308
2024-11-14 14:45:02,110 - Epoch 20 | Loss: 0.693190195981194 | Accuracy: 0.5004840271055179 | F1: 0.6670967741935484
2024-11-14 14:45:06,973 - Epoch 20 | Loss: 0.6931695938110352 | Accuracy: 0.497737556561086 | F1: 0.6646525679758308
2024-11-14 14:45:18,553 - Epoch 21 | Loss: 0.6931588509503532 | Accuracy: 0.5004840271055179 | F1: 0.6670967741935484
2024-11-14 14:45:23,228 - Epoch 21 | Loss: 0.693167433142662 | Accuracy: 0.497737556561086 | F1: 0.6646525679758308
2024-11-14 14:45:34,914 - Epoch 22 | Loss: 0.6932051883024328 | Accuracy: 0.5004840271055179 | F1: 0.6670967741935484
2024-11-14 14:45:39,572 - Epoch 22 | Loss: 0.693166196346283 | Accuracy: 0.497737556561086 | F1: 0.6646525679758308
2024-11-14 14:45:51,413 - Epoch 23 | Loss: 0.6931408258045421 | Accuracy: 0.5004840271055179 | F1: 0.6670967741935484
2024-11-14 14:45:56,117 - Epoch 23 | Loss: 0.6931624859571457 | Accuracy: 0.497737556561086 | F1: 0.6646525679758308
2024-11-14 14:46:07,678 - Epoch 24 | Loss: 0.6931802525239832 | Accuracy: 0.5004840271055179 | F1: 0.6670967741935484
2024-11-14 14:46:12,432 - Epoch 24 | Loss: 0.6931636780500412 | Accuracy: 0.497737556561086 | F1: 0.6646525679758308
2024-11-14 14:46:23,911 - Epoch 25 | Loss: 0.6931223799200619 | Accuracy: 0.5004840271055179 | F1: 0.6670967741935484
2024-11-14 14:46:28,638 - Epoch 25 | Loss: 0.6931617558002472 | Accuracy: 0.497737556561086 | F1: 0.6646525679758308
2024-11-14 14:46:39,993 - Epoch 26 | Loss: 0.6931961599518272 | Accuracy: 0.5004840271055179 | F1: 0.6670967741935484
2024-11-14 14:46:44,646 - Epoch 26 | Loss: 0.6931629329919815 | Accuracy: 0.497737556561086 | F1: 0.6646525679758308
2024-11-14 14:46:56,112 - Epoch 27 | Loss: 0.6931199080803815 | Accuracy: 0.5004840271055179 | F1: 0.6670967741935484
2024-11-14 14:47:00,782 - Epoch 27 | Loss: 0.6931619346141815 | Accuracy: 0.497737556561086 | F1: 0.6646525679758308
2024-11-14 14:47:12,296 - Epoch 28 | Loss: 0.6931215384427238 | Accuracy: 0.5004840271055179 | F1: 0.6670967741935484
2024-11-14 14:47:16,978 - Epoch 28 | Loss: 0.693161740899086 | Accuracy: 0.497737556561086 | F1: 0.6646525679758308
2024-11-14 14:47:28,468 - Epoch 29 | Loss: 0.6931374704136568 | Accuracy: 0.5004840271055179 | F1: 0.6670967741935484
2024-11-14 14:47:33,114 - Epoch 29 | Loss: 0.6931627541780472 | Accuracy: 0.497737556561086 | F1: 0.6646525679758308
2024-11-14 14:47:44,637 - Epoch 30 | Loss: 0.6931594434906455 | Accuracy: 0.5004840271055179 | F1: 0.6670967741935484
2024-11-14 14:47:49,313 - Epoch 30 | Loss: 0.6931638568639755 | Accuracy: 0.497737556561086 | F1: 0.6646525679758308
2024-11-14 14:48:00,890 - Epoch 31 | Loss: 0.6931978429065031 | Accuracy: 0.5004840271055179 | F1: 0.6670967741935484
2024-11-14 14:48:05,649 - Epoch 31 | Loss: 0.6931635290384293 | Accuracy: 0.497737556561086 | F1: 0.6646525679758308
2024-11-14 14:48:17,315 - Epoch 32 | Loss: 0.6931743762072395 | Accuracy: 0.5004840271055179 | F1: 0.6670967741935484
2024-11-14 14:48:22,055 - Epoch 32 | Loss: 0.6931612938642502 | Accuracy: 0.497737556561086 | F1: 0.6646525679758308
2024-11-14 14:48:34,060 - Epoch 33 | Loss: 0.6931267556022195 | Accuracy: 0.5004840271055179 | F1: 0.6670967741935484
2024-11-14 14:48:38,835 - Epoch 33 | Loss: 0.6931594908237457 | Accuracy: 0.497737556561086 | F1: 0.6646525679758308
2024-11-14 14:48:51,168 - Epoch 34 | Loss: 0.6931548293899087 | Accuracy: 0.5004840271055179 | F1: 0.6670967741935484
2024-11-14 14:48:56,174 - Epoch 34 | Loss: 0.693159893155098 | Accuracy: 0.497737556561086 | F1: 0.6646525679758308
2024-11-14 14:49:08,018 - Epoch 35 | Loss: 0.6931105256080627 | Accuracy: 0.5004840271055179 | F1: 0.6670967741935484
2024-11-14 14:49:12,934 - Epoch 35 | Loss: 0.6931597590446472 | Accuracy: 0.497737556561086 | F1: 0.6646525679758308
2024-11-14 14:49:16,914 - Training completed. Total time: 599.7743 seconds.
2024-11-14 14:50:58,334 - Training started.
2024-11-14 14:51:02,728 - inputs.shape: torch.Size([64, 6000, 1])
2024-11-14 14:51:14,673 - Epoch 0 | Loss: 0.7996859375168296 | Accuracy: 0.4995159728944821 | F1: 0.0
2024-11-14 14:51:50,563 - Training started.
2024-11-14 14:51:54,776 - inputs.shape: torch.Size([64, 6000, 1])
2024-11-14 14:51:54,872 - Loading pre-trained weights from ../benchmarks/binary_MambaBEAT.pth
2024-11-14 14:52:53,453 - Training started.
2024-11-14 14:52:57,825 - inputs.shape: torch.Size([64, 6000, 1])
2024-11-14 14:52:57,923 - Loading pre-trained weights from ../benchmarks/binary_MambaBEAT.pth
2024-11-14 14:52:57,928 - Loaded entire model instance.
2024-11-14 14:52:57,931 - Updating classification layer from 5 to 2 classes.
2024-11-14 15:03:53,768 - Training started.
2024-11-14 15:03:58,098 - inputs.shape: torch.Size([64, 18300, 1])
2024-11-14 15:04:32,386 - Epoch 0 | Loss: 0.6931506640770856 | Accuracy: 0.484027105517909 | F1: 0.31047865459249674
2024-11-14 15:04:41,181 - Epoch 0 | Loss: 0.6931460946798325 | Accuracy: 0.502262443438914 | F1: 0.0
2024-11-14 15:04:41,244 - New best model saved with accuracy: 0.5023
2024-11-14 15:05:15,848 - Epoch 1 | Loss: 0.6931585283840404 | Accuracy: 0.4995159728944821 | F1: 0.0
2024-11-14 15:05:24,002 - Epoch 1 | Loss: 0.6931453496217728 | Accuracy: 0.502262443438914 | F1: 0.0
2024-11-14 15:05:58,153 - Epoch 2 | Loss: 0.6931508534094867 | Accuracy: 0.4995159728944821 | F1: 0.0
2024-11-14 15:06:05,566 - Training completed. Total time: 131.7984 seconds.
2024-11-14 15:06:30,358 - Training started.
2024-11-14 15:06:35,461 - inputs.shape: torch.Size([64, 18300, 1])
2024-11-14 15:07:10,333 - Epoch 0 | Loss: 0.6935268500271965 | Accuracy: 0.484027105517909 | F1: 0.31047865459249674
2024-11-14 15:07:18,676 - Epoch 0 | Loss: 0.6931133419275284 | Accuracy: 0.502262443438914 | F1: 0.0
2024-11-14 15:07:18,732 - New best model saved with accuracy: 0.5023
2024-11-14 15:07:53,255 - Epoch 1 | Loss: 0.6938456121612998 | Accuracy: 0.4995159728944821 | F1: 0.0
2024-11-14 15:08:01,482 - Epoch 1 | Loss: 0.6931363940238953 | Accuracy: 0.502262443438914 | F1: 0.0
2024-11-14 15:08:35,768 - Epoch 2 | Loss: 0.6930409179014319 | Accuracy: 0.4927395934172314 | F1: 0.6473755047106325
2024-11-14 15:08:44,094 - Epoch 2 | Loss: 0.6934255808591843 | Accuracy: 0.497737556561086 | F1: 0.6646525679758308
2024-11-14 15:09:19,286 - Epoch 3 | Loss: 0.6934241792734932 | Accuracy: 0.5004840271055179 | F1: 0.6670967741935484
2024-11-14 15:09:27,865 - Epoch 3 | Loss: 0.6938763707876205 | Accuracy: 0.497737556561086 | F1: 0.6646525679758308
2024-11-14 15:10:03,028 - Epoch 4 | Loss: 0.6939806622617385 | Accuracy: 0.4782187802516941 | F1: 0.6185421089879689
2024-11-14 15:10:11,728 - Epoch 4 | Loss: 0.6931718438863754 | Accuracy: 0.497737556561086 | F1: 0.6646525679758308
2024-11-14 15:10:46,918 - Epoch 5 | Loss: 0.6931785520385293 | Accuracy: 0.5004840271055179 | F1: 0.6670967741935484
2024-11-14 15:10:55,395 - Epoch 5 | Loss: 0.6933715045452118 | Accuracy: 0.497737556561086 | F1: 0.6646525679758308
2024-11-14 15:11:06,685 - Training completed. Total time: 276.3270 seconds.
2024-11-14 15:13:49,338 - Training started.
2024-11-14 15:13:54,186 - inputs.shape: torch.Size([64, 18300, 1])
2024-11-14 15:14:30,469 - Epoch 0 | Loss: 0.6935268500271965 | Accuracy: 0.484027105517909 | F1: 0.31047865459249674
2024-11-14 15:14:39,488 - Epoch 0 | Loss: 0.6931133419275284 | Accuracy: 0.502262443438914 | F1: 0.0
2024-11-14 15:14:39,559 - New best model saved with accuracy: 0.5023
2024-11-14 15:15:15,330 - Epoch 1 | Loss: 0.6938456121612998 | Accuracy: 0.4995159728944821 | F1: 0.0
2024-11-14 15:15:23,939 - Epoch 1 | Loss: 0.6931363940238953 | Accuracy: 0.502262443438914 | F1: 0.0
2024-11-14 15:15:59,846 - Epoch 2 | Loss: 0.6930409179014319 | Accuracy: 0.4927395934172314 | F1: 0.6473755047106325
2024-11-14 15:16:08,442 - Epoch 2 | Loss: 0.6934255808591843 | Accuracy: 0.497737556561086 | F1: 0.6646525679758308
2024-11-14 15:16:44,078 - Epoch 3 | Loss: 0.6934241792734932 | Accuracy: 0.5004840271055179 | F1: 0.6670967741935484
2024-11-14 15:16:52,598 - Epoch 3 | Loss: 0.6938763707876205 | Accuracy: 0.497737556561086 | F1: 0.6646525679758308
2024-11-14 15:17:28,557 - Epoch 4 | Loss: 0.6939806622617385 | Accuracy: 0.4782187802516941 | F1: 0.6185421089879689
2024-11-14 15:17:37,106 - Epoch 4 | Loss: 0.6931718438863754 | Accuracy: 0.497737556561086 | F1: 0.6646525679758308
2024-11-14 15:18:13,417 - Epoch 5 | Loss: 0.6931785520385293 | Accuracy: 0.5004840271055179 | F1: 0.6670967741935484
2024-11-14 15:18:22,596 - Epoch 5 | Loss: 0.6933715045452118 | Accuracy: 0.497737556561086 | F1: 0.6646525679758308
2024-11-14 15:18:59,806 - Epoch 6 | Loss: 0.6933083429056055 | Accuracy: 0.5004840271055179 | F1: 0.6670967741935484
2024-11-14 15:19:08,651 - Epoch 6 | Loss: 0.6940194219350815 | Accuracy: 0.497737556561086 | F1: 0.6646525679758308
2024-11-14 15:19:44,370 - Epoch 7 | Loss: 0.6935857955147239 | Accuracy: 0.5004840271055179 | F1: 0.6670967741935484
2024-11-14 15:19:53,139 - Epoch 7 | Loss: 0.6933912932872772 | Accuracy: 0.497737556561086 | F1: 0.6646525679758308
2024-11-14 15:20:29,079 - Epoch 8 | Loss: 0.6931402437827167 | Accuracy: 0.5004840271055179 | F1: 0.6670967741935484
2024-11-14 15:20:37,749 - Epoch 8 | Loss: 0.6932963132858276 | Accuracy: 0.497737556561086 | F1: 0.6646525679758308
2024-11-14 15:21:13,817 - Epoch 9 | Loss: 0.6933385834974402 | Accuracy: 0.5004840271055179 | F1: 0.6670967741935484
2024-11-14 15:21:22,653 - Epoch 9 | Loss: 0.6932237595319748 | Accuracy: 0.497737556561086 | F1: 0.6646525679758308
2024-11-14 15:21:58,326 - Epoch 10 | Loss: 0.6945013333769405 | Accuracy: 0.5004840271055179 | F1: 0.6670967741935484
2024-11-14 15:22:06,878 - Epoch 10 | Loss: 0.6939592212438583 | Accuracy: 0.497737556561086 | F1: 0.6646525679758308
2024-11-14 15:22:42,427 - Epoch 11 | Loss: 0.6944226587519926 | Accuracy: 0.4666021297192643 | F1: 0.4645286686103013
2024-11-14 15:22:50,987 - Epoch 11 | Loss: 0.6931120157241821 | Accuracy: 0.502262443438914 | F1: 0.0
2024-11-14 15:23:26,707 - Epoch 12 | Loss: 0.6934700397884145 | Accuracy: 0.494675701839303 | F1: 0.3829787234042553
2024-11-14 15:23:35,478 - Epoch 12 | Loss: 0.6932109743356705 | Accuracy: 0.497737556561086 | F1: 0.6646525679758308
2024-11-14 15:24:10,732 - Epoch 13 | Loss: 0.6932352886480444 | Accuracy: 0.505324298160697 | F1: 0.6023346303501945
2024-11-14 15:24:19,341 - Epoch 13 | Loss: 0.6931114494800568 | Accuracy: 0.502262443438914 | F1: 0.0
2024-11-14 15:24:55,183 - Epoch 14 | Loss: 0.69335218036876 | Accuracy: 0.4995159728944821 | F1: 0.0
2024-11-14 15:25:03,955 - Epoch 14 | Loss: 0.6931202113628387 | Accuracy: 0.502262443438914 | F1: 0.0
2024-11-14 15:25:40,048 - Epoch 15 | Loss: 0.6933334399672115 | Accuracy: 0.49080348499515974 | F1: 0.4932562620423892
2024-11-14 15:25:48,681 - Epoch 15 | Loss: 0.6932253986597061 | Accuracy: 0.497737556561086 | F1: 0.6646525679758308
2024-11-14 15:26:24,583 - Epoch 16 | Loss: 0.6933906393892625 | Accuracy: 0.48209099709583736 | F1: 0.36081242532855434
2024-11-14 15:26:33,443 - Epoch 16 | Loss: 0.6931358724832535 | Accuracy: 0.502262443438914 | F1: 0.0
2024-11-14 15:27:09,883 - Epoch 17 | Loss: 0.6929314346874461 | Accuracy: 0.4927395934172314 | F1: 0.6473755047106325
2024-11-14 15:27:18,598 - Epoch 17 | Loss: 0.693632647395134 | Accuracy: 0.497737556561086 | F1: 0.6646525679758308
2024-11-14 15:27:54,340 - Epoch 18 | Loss: 0.6933014778529897 | Accuracy: 0.5004840271055179 | F1: 0.6670967741935484
2024-11-14 15:28:02,778 - Epoch 18 | Loss: 0.6937247663736343 | Accuracy: 0.497737556561086 | F1: 0.6646525679758308
2024-11-14 15:28:38,213 - Epoch 19 | Loss: 0.6933381943141713 | Accuracy: 0.5004840271055179 | F1: 0.6670967741935484
2024-11-14 15:28:46,739 - Epoch 19 | Loss: 0.6934362053871155 | Accuracy: 0.497737556561086 | F1: 0.6646525679758308
2024-11-14 15:29:22,737 - Epoch 20 | Loss: 0.6936922178548925 | Accuracy: 0.5004840271055179 | F1: 0.6670967741935484
2024-11-14 15:29:31,303 - Epoch 20 | Loss: 0.6933357417583466 | Accuracy: 0.497737556561086 | F1: 0.6646525679758308
2024-11-14 15:30:06,849 - Epoch 21 | Loss: 0.6930077461635366 | Accuracy: 0.5111326234269119 | F1: 0.3966547192353644
2024-11-14 15:30:15,519 - Epoch 21 | Loss: 0.6931248307228088 | Accuracy: 0.502262443438914 | F1: 0.0
2024-11-14 15:30:51,363 - Epoch 22 | Loss: 0.6932371328858768 | Accuracy: 0.4995159728944821 | F1: 0.0
2024-11-14 15:31:00,064 - Epoch 22 | Loss: 0.6931134760379791 | Accuracy: 0.502262443438914 | F1: 0.0
2024-11-14 15:31:34,665 - Epoch 23 | Loss: 0.6937566084020278 | Accuracy: 0.4995159728944821 | F1: 0.0
2024-11-14 15:31:43,190 - Epoch 23 | Loss: 0.693245068192482 | Accuracy: 0.502262443438914 | F1: 0.0
2024-11-14 15:32:18,990 - Epoch 24 | Loss: 0.6939376347205218 | Accuracy: 0.47337850919651503 | F1: 0.5063520871143375
2024-11-14 15:32:27,644 - Epoch 24 | Loss: 0.6931963860988617 | Accuracy: 0.497737556561086 | F1: 0.6646525679758308
2024-11-14 15:33:03,486 - Epoch 25 | Loss: 0.6934853932436775 | Accuracy: 0.4898354307841239 | F1: 0.18294573643410852
2024-11-14 15:33:11,757 - Epoch 25 | Loss: 0.6931103765964508 | Accuracy: 0.502262443438914 | F1: 0.0
2024-11-14 15:33:47,666 - Epoch 26 | Loss: 0.6935770301257863 | Accuracy: 0.494675701839303 | F1: 0.5756097560975609
2024-11-14 15:33:56,983 - Epoch 26 | Loss: 0.693217545747757 | Accuracy: 0.497737556561086 | F1: 0.6646525679758308
2024-11-14 15:34:33,150 - Epoch 27 | Loss: 0.6931523715748507 | Accuracy: 0.5188770571151985 | F1: 0.4483906770255272
2024-11-14 15:34:41,828 - Epoch 27 | Loss: 0.6931197047233582 | Accuracy: 0.502262443438914 | F1: 0.0
2024-11-14 15:35:17,555 - Epoch 28 | Loss: 0.6932462909642387 | Accuracy: 0.4995159728944821 | F1: 0.0
2024-11-14 15:35:26,034 - Epoch 28 | Loss: 0.693135067820549 | Accuracy: 0.502262443438914 | F1: 0.0
2024-11-14 15:36:01,415 - Epoch 29 | Loss: 0.6930578315959257 | Accuracy: 0.5024201355275896 | F1: 0.6541049798115747
2024-11-14 15:36:10,094 - Epoch 29 | Loss: 0.693278506398201 | Accuracy: 0.497737556561086 | F1: 0.6646525679758308
2024-11-14 15:38:53,743 - Epoch 30 | Loss: 0.6935524940490723 | Accuracy: 0.5004840271055179 | F1: 0.6670967741935484
2024-11-14 15:39:08,181 - Epoch 30 | Loss: 0.6933226585388184 | Accuracy: 0.497737556561086 | F1: 0.6646525679758308
2024-11-14 15:40:21,769 - Epoch 31 | Loss: 0.6934339053490582 | Accuracy: 0.5004840271055179 | F1: 0.6670967741935484
2024-11-14 15:40:34,990 - Epoch 31 | Loss: 0.693160355091095 | Accuracy: 0.497737556561086 | F1: 0.6646525679758308
2024-11-14 15:41:10,325 - Training completed. Total time: 1640.9864 seconds.
2024-11-14 17:46:00,866 - Training started.
2024-11-14 17:46:05,455 - inputs.shape: torch.Size([15, 100000, 1])
2024-11-14 17:46:11,935 - Epoch 0 | Loss: 0.6931471824645996 | Accuracy: 0.6666666666666666 | F1: 0.0
2024-11-14 17:46:17,091 - Epoch 0 | Loss: 0.6931805610656738 | Accuracy: 0.3333333333333333 | F1: 0.0
2024-11-14 17:46:17,099 - New best model saved with accuracy: 0.3333
2024-11-14 17:46:22,966 - Epoch 1 | Loss: 0.6931138634681702 | Accuracy: 0.6666666666666666 | F1: 0.0
2024-11-14 17:46:28,046 - Epoch 1 | Loss: 0.6932138800621033 | Accuracy: 0.3333333333333333 | F1: 0.0
2024-11-14 17:46:34,000 - Epoch 2 | Loss: 0.6930805444717407 | Accuracy: 0.6666666666666666 | F1: 0.0
2024-11-14 17:46:39,097 - Epoch 2 | Loss: 0.6932472586631775 | Accuracy: 0.3333333333333333 | F1: 0.0
2024-11-14 17:46:44,646 - Epoch 3 | Loss: 0.6930472254753113 | Accuracy: 0.6666666666666666 | F1: 0.0
2024-11-14 17:46:49,883 - Epoch 3 | Loss: 0.6932805776596069 | Accuracy: 0.3333333333333333 | F1: 0.0
2024-11-14 17:46:55,699 - Epoch 4 | Loss: 0.6930139064788818 | Accuracy: 0.6666666666666666 | F1: 0.0
2024-11-14 17:47:01,057 - Epoch 4 | Loss: 0.6933140158653259 | Accuracy: 0.3333333333333333 | F1: 0.0
2024-11-14 17:47:06,707 - Epoch 5 | Loss: 0.6929806470870972 | Accuracy: 0.6666666666666666 | F1: 0.0
2024-11-14 17:47:11,759 - Epoch 5 | Loss: 0.6933473944664001 | Accuracy: 0.3333333333333333 | F1: 0.0
2024-11-14 17:47:17,544 - Training completed. Total time: 76.6782 seconds.
2024-11-14 17:47:42,535 - Training started.
2024-11-14 17:47:46,649 - inputs.shape: torch.Size([15, 100000, 1])
2024-11-14 17:47:52,478 - Epoch 0 | Loss: 0.6931471824645996 | Accuracy: 0.6666666666666666 | F1: 0.0
2024-11-14 17:47:57,658 - Epoch 0 | Loss: 0.6965305209159851 | Accuracy: 0.3333333333333333 | F1: 0.0
2024-11-14 17:47:57,664 - New best model saved with accuracy: 0.3333
2024-11-14 17:48:03,315 - Epoch 1 | Loss: 0.6898638606071472 | Accuracy: 0.6666666666666666 | F1: 0.0
2024-11-14 17:48:08,448 - Epoch 1 | Loss: 0.7000106573104858 | Accuracy: 0.3333333333333333 | F1: 0.0
2024-11-14 17:48:14,145 - Epoch 2 | Loss: 0.6866833567619324 | Accuracy: 0.6666666666666666 | F1: 0.0
2024-11-14 17:48:19,253 - Epoch 2 | Loss: 0.7035849094390869 | Accuracy: 0.3333333333333333 | F1: 0.0
2024-11-14 17:48:24,901 - Epoch 3 | Loss: 0.6836073994636536 | Accuracy: 0.6666666666666666 | F1: 0.0
2024-11-14 17:48:30,045 - Epoch 3 | Loss: 0.7072502374649048 | Accuracy: 0.3333333333333333 | F1: 0.0
2024-11-14 17:48:35,806 - Epoch 4 | Loss: 0.6806374192237854 | Accuracy: 0.6666666666666666 | F1: 0.0
2024-11-14 17:48:40,834 - Epoch 4 | Loss: 0.711003303527832 | Accuracy: 0.3333333333333333 | F1: 0.0
2024-11-14 17:48:46,768 - Epoch 5 | Loss: 0.6777744889259338 | Accuracy: 0.6666666666666666 | F1: 0.0
2024-11-14 17:48:51,772 - Epoch 5 | Loss: 0.7148401737213135 | Accuracy: 0.3333333333333333 | F1: 0.0
2024-11-14 17:48:57,413 - Epoch 6 | Loss: 0.6750198006629944 | Accuracy: 0.6666666666666666 | F1: 0.0
2024-11-14 17:49:02,465 - Epoch 6 | Loss: 0.7187567949295044 | Accuracy: 0.3333333333333333 | F1: 0.0
2024-11-14 17:49:08,023 - Epoch 7 | Loss: 0.6723742485046387 | Accuracy: 0.6666666666666666 | F1: 0.0
2024-11-14 17:49:13,077 - Epoch 7 | Loss: 0.7227484583854675 | Accuracy: 0.3333333333333333 | F1: 0.0
2024-11-14 17:49:18,721 - Epoch 8 | Loss: 0.6698382496833801 | Accuracy: 0.6666666666666666 | F1: 0.0
2024-11-14 17:49:23,691 - Epoch 8 | Loss: 0.7268102169036865 | Accuracy: 0.3333333333333333 | F1: 0.0
2024-11-14 17:49:29,642 - Epoch 9 | Loss: 0.6674119830131531 | Accuracy: 0.6666666666666666 | F1: 0.0
2024-11-14 17:49:34,569 - Epoch 9 | Loss: 0.7309367060661316 | Accuracy: 0.3333333333333333 | F1: 0.0
2024-11-14 17:49:40,433 - Epoch 10 | Loss: 0.6650956869125366 | Accuracy: 0.6666666666666666 | F1: 0.0
2024-11-14 17:49:45,477 - Epoch 10 | Loss: 0.7351220846176147 | Accuracy: 0.3333333333333333 | F1: 0.0
2024-11-14 17:49:51,315 - Epoch 11 | Loss: 0.662888765335083 | Accuracy: 0.6666666666666666 | F1: 0.0
2024-11-14 17:49:56,438 - Epoch 11 | Loss: 0.7393602132797241 | Accuracy: 0.3333333333333333 | F1: 0.0
2024-11-14 17:50:02,003 - Epoch 12 | Loss: 0.6607910990715027 | Accuracy: 0.6666666666666666 | F1: 0.0
2024-11-14 17:50:07,085 - Epoch 12 | Loss: 0.7436447143554688 | Accuracy: 0.3333333333333333 | F1: 0.0
2024-11-14 17:50:12,799 - Epoch 13 | Loss: 0.6588011384010315 | Accuracy: 0.6666666666666666 | F1: 0.0
2024-11-14 17:50:18,121 - Epoch 13 | Loss: 0.7479686141014099 | Accuracy: 0.3333333333333333 | F1: 0.0
2024-11-14 17:50:24,579 - Epoch 14 | Loss: 0.6569182276725769 | Accuracy: 0.6666666666666666 | F1: 0.0
2024-11-14 17:50:29,866 - Epoch 14 | Loss: 0.7523247003555298 | Accuracy: 0.3333333333333333 | F1: 0.0
2024-11-14 17:50:35,988 - Epoch 15 | Loss: 0.6551394462585449 | Accuracy: 0.6666666666666666 | F1: 0.0
2024-11-14 17:50:41,160 - Epoch 15 | Loss: 0.7567057013511658 | Accuracy: 0.3333333333333333 | F1: 0.0
2024-11-14 17:50:47,168 - Epoch 16 | Loss: 0.6534640192985535 | Accuracy: 0.6666666666666666 | F1: 0.0
2024-11-14 17:50:52,650 - Epoch 16 | Loss: 0.7611038684844971 | Accuracy: 0.3333333333333333 | F1: 0.0
2024-11-14 17:50:58,891 - Epoch 17 | Loss: 0.6518875360488892 | Accuracy: 0.6666666666666666 | F1: 0.0
2024-11-14 17:51:03,966 - Epoch 17 | Loss: 0.7655112147331238 | Accuracy: 0.3333333333333333 | F1: 0.0
2024-11-14 17:51:10,051 - Epoch 18 | Loss: 0.6504136919975281 | Accuracy: 0.6666666666666666 | F1: 0.0
2024-11-14 17:51:15,267 - Epoch 18 | Loss: 0.7699195146560669 | Accuracy: 0.3333333333333333 | F1: 0.0
2024-11-14 17:51:21,039 - Epoch 19 | Loss: 0.6490388512611389 | Accuracy: 0.6666666666666666 | F1: 0.0
2024-11-14 17:51:26,131 - Epoch 19 | Loss: 0.7743202447891235 | Accuracy: 0.3333333333333333 | F1: 0.0
2024-11-14 17:51:32,195 - Epoch 20 | Loss: 0.6477386951446533 | Accuracy: 0.6666666666666666 | F1: 0.0
2024-11-14 17:51:37,429 - Epoch 20 | Loss: 0.7787043452262878 | Accuracy: 0.3333333333333333 | F1: 0.0
2024-11-14 17:51:43,430 - Epoch 21 | Loss: 0.6464211940765381 | Accuracy: 0.6666666666666666 | F1: 0.0
2024-11-14 17:51:48,550 - Epoch 21 | Loss: 0.7830633521080017 | Accuracy: 0.3333333333333333 | F1: 0.0
2024-11-14 17:51:54,243 - Epoch 22 | Loss: 0.6453740000724792 | Accuracy: 0.6666666666666666 | F1: 0.0
2024-11-14 17:51:59,429 - Epoch 22 | Loss: 0.7873870134353638 | Accuracy: 0.3333333333333333 | F1: 0.0
2024-11-14 17:52:05,214 - Epoch 23 | Loss: 0.6443192958831787 | Accuracy: 0.6666666666666666 | F1: 0.0
2024-11-14 17:52:10,403 - Epoch 23 | Loss: 0.7916625142097473 | Accuracy: 0.3333333333333333 | F1: 0.0
2024-11-14 17:52:16,385 - Epoch 24 | Loss: 0.642642080783844 | Accuracy: 0.6666666666666666 | F1: 0.0
2024-11-14 17:52:21,478 - Epoch 24 | Loss: 0.7958843111991882 | Accuracy: 0.3333333333333333 | F1: 0.0
2024-11-14 17:52:27,202 - Epoch 25 | Loss: 0.6419320702552795 | Accuracy: 0.6666666666666666 | F1: 0.0
2024-11-14 17:52:32,409 - Epoch 25 | Loss: 0.7992009520530701 | Accuracy: 0.3333333333333333 | F1: 0.0
2024-11-14 17:52:38,173 - Epoch 26 | Loss: 0.6401004195213318 | Accuracy: 0.6666666666666666 | F1: 0.0
2024-11-14 17:52:43,406 - Epoch 26 | Loss: 0.8024464249610901 | Accuracy: 0.3333333333333333 | F1: 0.0
2024-11-14 17:52:49,309 - Epoch 27 | Loss: 0.6401269435882568 | Accuracy: 0.6666666666666666 | F1: 0.0
2024-11-14 17:52:54,336 - Epoch 27 | Loss: 0.8056087493896484 | Accuracy: 0.3333333333333333 | F1: 0.0
2024-11-14 17:53:00,404 - Epoch 28 | Loss: 0.6344043016433716 | Accuracy: 0.6666666666666666 | F1: 0.0
2024-11-14 17:53:05,641 - Epoch 28 | Loss: 0.8086780309677124 | Accuracy: 0.3333333333333333 | F1: 0.0
2024-11-14 17:53:11,983 - Epoch 29 | Loss: 0.6287093758583069 | Accuracy: 0.6666666666666666 | F1: 0.0
2024-11-14 17:53:17,119 - Epoch 29 | Loss: 0.8116171360015869 | Accuracy: 0.3333333333333333 | F1: 0.0
2024-11-14 17:53:23,061 - Epoch 30 | Loss: 0.6207667589187622 | Accuracy: 0.6666666666666666 | F1: 0.0
2024-11-14 17:53:28,179 - Epoch 30 | Loss: 0.8143701553344727 | Accuracy: 0.3333333333333333 | F1: 0.0
2024-11-14 17:53:34,035 - Epoch 31 | Loss: 0.6162104606628418 | Accuracy: 0.6666666666666666 | F1: 0.0
2024-11-14 17:53:39,373 - Epoch 31 | Loss: 0.8169397115707397 | Accuracy: 0.3333333333333333 | F1: 0.0
2024-11-14 17:53:45,349 - Epoch 32 | Loss: 0.6201115250587463 | Accuracy: 0.6666666666666666 | F1: 0.0
2024-11-14 17:53:50,609 - Epoch 32 | Loss: 0.8194801807403564 | Accuracy: 0.3333333333333333 | F1: 0.0
2024-11-14 17:53:56,409 - Epoch 33 | Loss: 0.6075239777565002 | Accuracy: 0.6666666666666666 | F1: 0.0
2024-11-14 17:54:01,472 - Epoch 33 | Loss: 0.8219264149665833 | Accuracy: 0.3333333333333333 | F1: 0.0
2024-11-14 17:54:07,284 - Epoch 34 | Loss: 0.604184091091156 | Accuracy: 0.6666666666666666 | F1: 0.0
2024-11-14 17:54:12,402 - Epoch 34 | Loss: 0.824192464351654 | Accuracy: 0.3333333333333333 | F1: 0.0
2024-11-14 17:54:18,294 - Epoch 35 | Loss: 0.6015812158584595 | Accuracy: 0.6666666666666666 | F1: 0.0
2024-11-14 17:54:23,562 - Epoch 35 | Loss: 0.8263058066368103 | Accuracy: 0.3333333333333333 | F1: 0.0
2024-11-14 17:54:29,448 - Epoch 36 | Loss: 0.5873807072639465 | Accuracy: 0.6666666666666666 | F1: 0.0
2024-11-14 17:54:34,604 - Epoch 36 | Loss: 0.8281571269035339 | Accuracy: 0.3333333333333333 | F1: 0.0
2024-11-14 17:54:40,372 - Epoch 37 | Loss: 0.5894359946250916 | Accuracy: 0.6666666666666666 | F1: 0.0
2024-11-14 17:54:45,565 - Epoch 37 | Loss: 0.8297933340072632 | Accuracy: 0.3333333333333333 | F1: 0.0
2024-11-14 17:54:51,350 - Epoch 38 | Loss: 0.5620465278625488 | Accuracy: 0.6666666666666666 | F1: 0.0
2024-11-14 17:54:56,600 - Epoch 38 | Loss: 0.83109050989151 | Accuracy: 0.3333333333333333 | F1: 0.0
2024-11-14 17:55:02,446 - Epoch 39 | Loss: 0.6118523478507996 | Accuracy: 0.6666666666666666 | F1: 0.0
2024-11-14 17:55:07,545 - Epoch 39 | Loss: 0.8321055173873901 | Accuracy: 0.3333333333333333 | F1: 0.0
2024-11-14 17:55:13,414 - Epoch 40 | Loss: 0.49795159697532654 | Accuracy: 0.8 | F1: 0.5714285714285714
2024-11-14 17:55:18,551 - Epoch 40 | Loss: 0.832419753074646 | Accuracy: 0.3333333333333333 | F1: 0.0
2024-11-14 17:55:24,342 - Epoch 41 | Loss: 0.46201542019844055 | Accuracy: 0.8 | F1: 0.5714285714285714
2024-11-14 17:55:29,535 - Epoch 41 | Loss: 0.829899251461029 | Accuracy: 0.3333333333333333 | F1: 0.0
2024-11-14 17:55:35,359 - Epoch 42 | Loss: 0.4903210997581482 | Accuracy: 0.8666666666666667 | F1: 0.75
2024-11-14 17:55:40,446 - Epoch 42 | Loss: 0.8228021264076233 | Accuracy: 0.4 | F1: 0.18181818181818182
2024-11-14 17:55:40,447 - Removed previous best model: ./models/best_model_20241114_174757_binary_MambaBEAT_100k_0.3333.pth
2024-11-14 17:55:40,452 - New best model saved with accuracy: 0.4000
2024-11-14 17:55:46,501 - Epoch 43 | Loss: 0.7404671311378479 | Accuracy: 0.7333333333333333 | F1: 0.5
2024-11-14 17:55:51,727 - Epoch 43 | Loss: 0.8237204551696777 | Accuracy: 0.4666666666666667 | F1: 0.3333333333333333
2024-11-14 17:55:51,728 - Removed previous best model: ./models/best_model_20241114_175540_binary_MambaBEAT_100k_0.4000.pth
2024-11-14 17:55:51,733 - New best model saved with accuracy: 0.4667
2024-11-14 17:55:57,588 - Epoch 44 | Loss: 0.43168318271636963 | Accuracy: 0.8 | F1: 0.6666666666666666
2024-11-14 17:56:02,679 - Epoch 44 | Loss: 0.831088662147522 | Accuracy: 0.4666666666666667 | F1: 0.3333333333333333
2024-11-14 17:56:08,679 - Epoch 45 | Loss: 0.5749745965003967 | Accuracy: 0.6666666666666666 | F1: 0.4444444444444444
2024-11-14 18:10:55,254 - Training started.
2024-11-14 18:10:59,759 - inputs.shape: torch.Size([15, 100000, 1])
2024-11-14 18:11:06,083 - Epoch 0 | Loss: 0.6931471824645996 | Accuracy: 0.5333333333333333 | F1: 0.46153846153846156
2024-11-14 18:11:11,237 - Epoch 0 | Loss: 0.6948264241218567 | Accuracy: 0.3333333333333333 | F1: 0.0
2024-11-14 18:11:11,242 - New best model saved with accuracy: 0.3333
2024-11-14 18:11:17,457 - Epoch 1 | Loss: 0.6914930939674377 | Accuracy: 0.6666666666666666 | F1: 0.0
2024-11-14 18:11:22,739 - Epoch 1 | Loss: 0.6965298056602478 | Accuracy: 0.3333333333333333 | F1: 0.0
2024-11-14 18:11:28,714 - Epoch 2 | Loss: 0.6898645162582397 | Accuracy: 0.6666666666666666 | F1: 0.0
2024-11-14 18:11:33,796 - Epoch 2 | Loss: 0.6982570290565491 | Accuracy: 0.3333333333333333 | F1: 0.0
2024-11-14 18:11:39,673 - Epoch 3 | Loss: 0.6882622241973877 | Accuracy: 0.6666666666666666 | F1: 0.0
2024-11-14 18:11:44,831 - Epoch 3 | Loss: 0.7000073194503784 | Accuracy: 0.3333333333333333 | F1: 0.0
2024-11-14 18:11:50,968 - Epoch 4 | Loss: 0.6866862773895264 | Accuracy: 0.6666666666666666 | F1: 0.0
2024-11-14 18:11:56,159 - Epoch 4 | Loss: 0.7017801403999329 | Accuracy: 0.3333333333333333 | F1: 0.0
2024-11-14 18:12:02,189 - Epoch 5 | Loss: 0.6851373314857483 | Accuracy: 0.6666666666666666 | F1: 0.0
2024-11-14 18:12:07,605 - Epoch 5 | Loss: 0.7035749554634094 | Accuracy: 0.3333333333333333 | F1: 0.0
2024-11-14 18:12:13,989 - Epoch 6 | Loss: 0.6836156845092773 | Accuracy: 0.6666666666666666 | F1: 0.0
2024-11-14 18:12:19,337 - Epoch 6 | Loss: 0.705390989780426 | Accuracy: 0.3333333333333333 | F1: 0.0
2024-11-14 18:12:25,170 - Epoch 7 | Loss: 0.6821215152740479 | Accuracy: 0.6666666666666666 | F1: 0.0
2024-11-14 18:12:30,570 - Epoch 7 | Loss: 0.7072274684906006 | Accuracy: 0.3333333333333333 | F1: 0.0
2024-11-14 18:12:36,732 - Epoch 8 | Loss: 0.680655300617218 | Accuracy: 0.6666666666666666 | F1: 0.0
2024-11-14 18:12:42,257 - Epoch 8 | Loss: 0.709083616733551 | Accuracy: 0.3333333333333333 | F1: 0.0
2024-11-14 18:12:48,339 - Epoch 9 | Loss: 0.6792171597480774 | Accuracy: 0.6666666666666666 | F1: 0.0
2024-11-14 18:12:54,214 - Epoch 9 | Loss: 0.7109586596488953 | Accuracy: 0.3333333333333333 | F1: 0.0
2024-11-14 18:13:00,242 - Epoch 10 | Loss: 0.6778075098991394 | Accuracy: 0.6666666666666666 | F1: 0.0
2024-11-14 18:13:05,506 - Epoch 10 | Loss: 0.712851881980896 | Accuracy: 0.3333333333333333 | F1: 0.0
2024-11-14 18:13:11,733 - Epoch 11 | Loss: 0.676426351070404 | Accuracy: 0.6666666666666666 | F1: 0.0
2024-11-14 18:13:17,069 - Epoch 11 | Loss: 0.714762270450592 | Accuracy: 0.3333333333333333 | F1: 0.0
2024-11-14 18:13:23,303 - Epoch 12 | Loss: 0.6750741004943848 | Accuracy: 0.6666666666666666 | F1: 0.0
2024-11-14 18:13:28,566 - Epoch 12 | Loss: 0.7166891098022461 | Accuracy: 0.3333333333333333 | F1: 0.0
2024-11-14 18:13:34,810 - Epoch 13 | Loss: 0.6737506985664368 | Accuracy: 0.6666666666666666 | F1: 0.0
2024-11-14 18:13:39,867 - Epoch 13 | Loss: 0.7186313271522522 | Accuracy: 0.3333333333333333 | F1: 0.0
2024-11-14 18:13:45,803 - Epoch 14 | Loss: 0.6724563837051392 | Accuracy: 0.6666666666666666 | F1: 0.0
2024-11-14 18:13:51,030 - Epoch 14 | Loss: 0.7205881476402283 | Accuracy: 0.3333333333333333 | F1: 0.0
2024-11-14 18:13:56,661 - Epoch 15 | Loss: 0.6711909770965576 | Accuracy: 0.6666666666666666 | F1: 0.0
2024-11-14 18:14:01,935 - Epoch 15 | Loss: 0.7225584983825684 | Accuracy: 0.3333333333333333 | F1: 0.0
2024-11-14 18:14:07,908 - Epoch 16 | Loss: 0.6699547171592712 | Accuracy: 0.6666666666666666 | F1: 0.0
2024-11-14 18:14:13,011 - Epoch 16 | Loss: 0.7245413661003113 | Accuracy: 0.3333333333333333 | F1: 0.0
2024-11-14 18:14:19,026 - Epoch 17 | Loss: 0.6687471270561218 | Accuracy: 0.6666666666666666 | F1: 0.0
2024-11-14 18:14:24,266 - Epoch 17 | Loss: 0.7265359163284302 | Accuracy: 0.3333333333333333 | F1: 0.0
2024-11-14 18:14:30,198 - Epoch 18 | Loss: 0.6675689816474915 | Accuracy: 0.6666666666666666 | F1: 0.0
2024-11-14 18:14:35,369 - Epoch 18 | Loss: 0.7285410165786743 | Accuracy: 0.3333333333333333 | F1: 0.0
2024-11-14 18:14:41,208 - Epoch 19 | Loss: 0.6664206981658936 | Accuracy: 0.6666666666666666 | F1: 0.0
2024-11-14 18:14:46,278 - Epoch 19 | Loss: 0.7305556535720825 | Accuracy: 0.3333333333333333 | F1: 0.0
2024-11-14 18:14:52,361 - Epoch 20 | Loss: 0.6652994155883789 | Accuracy: 0.6666666666666666 | F1: 0.0
2024-11-14 18:14:57,574 - Epoch 20 | Loss: 0.732578694820404 | Accuracy: 0.3333333333333333 | F1: 0.0
2024-11-14 18:15:03,632 - Epoch 21 | Loss: 0.6641929149627686 | Accuracy: 0.6666666666666666 | F1: 0.0
2024-11-14 18:15:08,777 - Epoch 21 | Loss: 0.7346092462539673 | Accuracy: 0.3333333333333333 | F1: 0.0
2024-11-14 18:15:14,536 - Epoch 22 | Loss: 0.6631385684013367 | Accuracy: 0.6666666666666666 | F1: 0.0
2024-11-14 18:15:19,766 - Epoch 22 | Loss: 0.7366459369659424 | Accuracy: 0.3333333333333333 | F1: 0.0
2024-11-14 18:15:25,693 - Epoch 23 | Loss: 0.6621037125587463 | Accuracy: 0.6666666666666666 | F1: 0.0
2024-11-14 18:15:30,803 - Epoch 23 | Loss: 0.7386874556541443 | Accuracy: 0.3333333333333333 | F1: 0.0
2024-11-14 18:15:36,814 - Epoch 24 | Loss: 0.6610119342803955 | Accuracy: 0.6666666666666666 | F1: 0.0
2024-11-14 18:15:42,007 - Epoch 24 | Loss: 0.7407329678535461 | Accuracy: 0.3333333333333333 | F1: 0.0
2024-11-14 18:15:47,899 - Epoch 25 | Loss: 0.6600536704063416 | Accuracy: 0.6666666666666666 | F1: 0.0
2024-11-14 18:15:53,009 - Epoch 25 | Loss: 0.7423693537712097 | Accuracy: 0.3333333333333333 | F1: 0.0
2024-11-14 18:15:58,936 - Epoch 26 | Loss: 0.6591731309890747 | Accuracy: 0.6666666666666666 | F1: 0.0
2024-11-14 18:16:04,181 - Epoch 26 | Loss: 0.7440037131309509 | Accuracy: 0.3333333333333333 | F1: 0.0
2024-11-14 18:16:10,285 - Epoch 27 | Loss: 0.6584839820861816 | Accuracy: 0.6666666666666666 | F1: 0.0
2024-11-14 18:16:15,383 - Epoch 27 | Loss: 0.7456343770027161 | Accuracy: 0.3333333333333333 | F1: 0.0
2024-11-14 18:16:21,429 - Epoch 28 | Loss: 0.6573113203048706 | Accuracy: 0.6666666666666666 | F1: 0.0
2024-11-14 18:16:26,672 - Epoch 28 | Loss: 0.747260570526123 | Accuracy: 0.3333333333333333 | F1: 0.0
2024-11-14 18:16:32,610 - Epoch 29 | Loss: 0.6561615467071533 | Accuracy: 0.6666666666666666 | F1: 0.0
2024-11-14 18:16:38,035 - Epoch 29 | Loss: 0.7488794326782227 | Accuracy: 0.3333333333333333 | F1: 0.0
2024-11-14 18:16:44,004 - Epoch 30 | Loss: 0.6546878814697266 | Accuracy: 0.6666666666666666 | F1: 0.0
2024-11-14 18:16:49,006 - Epoch 30 | Loss: 0.7504867911338806 | Accuracy: 0.3333333333333333 | F1: 0.0
2024-11-14 18:16:54,981 - Epoch 31 | Loss: 0.652454137802124 | Accuracy: 0.6666666666666666 | F1: 0.0
2024-11-14 18:17:00,194 - Epoch 31 | Loss: 0.7520771622657776 | Accuracy: 0.3333333333333333 | F1: 0.0
2024-11-14 18:17:06,379 - Epoch 32 | Loss: 0.6492153406143188 | Accuracy: 0.6666666666666666 | F1: 0.0
2024-11-14 18:17:11,655 - Epoch 32 | Loss: 0.7536399364471436 | Accuracy: 0.3333333333333333 | F1: 0.0
2024-11-14 18:17:17,881 - Epoch 33 | Loss: 0.6437945365905762 | Accuracy: 0.6666666666666666 | F1: 0.0
2024-11-14 18:17:23,210 - Epoch 33 | Loss: 0.7551534175872803 | Accuracy: 0.3333333333333333 | F1: 0.0
2024-11-14 18:17:29,195 - Epoch 34 | Loss: 0.6415714621543884 | Accuracy: 0.6666666666666666 | F1: 0.0
2024-11-14 18:17:34,447 - Epoch 34 | Loss: 0.7566080093383789 | Accuracy: 0.3333333333333333 | F1: 0.0
2024-11-14 18:17:40,361 - Epoch 35 | Loss: 0.6457407474517822 | Accuracy: 0.6666666666666666 | F1: 0.0
2024-11-14 18:17:45,394 - Epoch 35 | Loss: 0.7581371665000916 | Accuracy: 0.3333333333333333 | F1: 0.0
2024-11-14 18:17:51,268 - Epoch 36 | Loss: 0.6360920071601868 | Accuracy: 0.6666666666666666 | F1: 0.0
2024-11-14 18:17:56,564 - Epoch 36 | Loss: 0.7596638798713684 | Accuracy: 0.3333333333333333 | F1: 0.0
2024-11-14 18:18:02,512 - Epoch 37 | Loss: 0.6374237537384033 | Accuracy: 0.6666666666666666 | F1: 0.0
2024-11-14 18:18:07,707 - Epoch 37 | Loss: 0.7611707448959351 | Accuracy: 0.3333333333333333 | F1: 0.0
2024-11-14 18:18:13,620 - Epoch 38 | Loss: 0.6305534839630127 | Accuracy: 0.6666666666666666 | F1: 0.0
2024-11-14 18:18:18,664 - Epoch 38 | Loss: 0.7626144289970398 | Accuracy: 0.3333333333333333 | F1: 0.0
2024-11-14 18:18:24,555 - Epoch 39 | Loss: 0.6448162794113159 | Accuracy: 0.6666666666666666 | F1: 0.0
2024-11-14 18:18:29,658 - Epoch 39 | Loss: 0.7640073895454407 | Accuracy: 0.3333333333333333 | F1: 0.0
2024-11-14 18:18:35,551 - Epoch 40 | Loss: 0.6233675479888916 | Accuracy: 0.6666666666666666 | F1: 0.0
2024-11-14 18:18:40,770 - Epoch 40 | Loss: 0.7652943134307861 | Accuracy: 0.3333333333333333 | F1: 0.0
2024-11-14 18:18:46,683 - Epoch 41 | Loss: 0.6185253262519836 | Accuracy: 0.6666666666666666 | F1: 0.0
2024-11-14 18:18:51,828 - Epoch 41 | Loss: 0.7664562463760376 | Accuracy: 0.3333333333333333 | F1: 0.0
2024-11-14 18:18:57,963 - Epoch 42 | Loss: 0.6191008687019348 | Accuracy: 0.6666666666666666 | F1: 0.0
2024-11-14 18:19:03,286 - Epoch 42 | Loss: 0.7673735618591309 | Accuracy: 0.3333333333333333 | F1: 0.0
2024-11-14 18:19:09,363 - Epoch 43 | Loss: 0.6184859275817871 | Accuracy: 0.7333333333333333 | F1: 0.3333333333333333
2024-11-14 18:19:14,460 - Epoch 43 | Loss: 0.7681199908256531 | Accuracy: 0.3333333333333333 | F1: 0.0
2024-11-14 18:19:20,591 - Epoch 44 | Loss: 0.6010167598724365 | Accuracy: 0.7333333333333333 | F1: 0.3333333333333333
2024-11-14 18:19:25,782 - Epoch 44 | Loss: 0.7684648036956787 | Accuracy: 0.3333333333333333 | F1: 0.0
2024-11-14 18:19:31,792 - Epoch 45 | Loss: 0.5781187415122986 | Accuracy: 0.8 | F1: 0.5714285714285714
2024-11-14 18:19:37,309 - Epoch 45 | Loss: 0.7680408954620361 | Accuracy: 0.3333333333333333 | F1: 0.0
2024-11-14 18:19:43,675 - Epoch 46 | Loss: 0.5921939015388489 | Accuracy: 0.7333333333333333 | F1: 0.3333333333333333
2024-11-14 18:19:49,198 - Epoch 46 | Loss: 0.7673103213310242 | Accuracy: 0.3333333333333333 | F1: 0.0
2024-11-14 18:19:55,644 - Epoch 47 | Loss: 0.6603025197982788 | Accuracy: 0.8666666666666667 | F1: 0.75
2024-11-14 18:20:01,200 - Epoch 47 | Loss: 0.7664974331855774 | Accuracy: 0.4666666666666667 | F1: 0.3333333333333333
2024-11-14 18:20:01,201 - Removed previous best model: ./models/best_model_20241114_181111_binary_MambaBEAT_100k_0.3333.pth
2024-11-14 18:20:01,207 - New best model saved with accuracy: 0.4667
2024-11-14 18:20:07,664 - Epoch 48 | Loss: 0.6626020073890686 | Accuracy: 0.6666666666666666 | F1: 0.4444444444444444
2024-11-14 18:20:13,376 - Epoch 48 | Loss: nan | Accuracy: 0.3333333333333333 | F1: 0.0
2024-11-14 18:20:19,835 - Epoch 49 | Loss: nan | Accuracy: 0.6666666666666666 | F1: 0.0
2024-11-14 18:20:25,322 - Epoch 49 | Loss: nan | Accuracy: 0.3333333333333333 | F1: 0.0
2024-11-14 18:20:31,466 - Epoch 50 | Loss: nan | Accuracy: 0.6666666666666666 | F1: 0.0
2024-11-14 18:20:37,225 - Epoch 50 | Loss: nan | Accuracy: 0.3333333333333333 | F1: 0.0
2024-11-14 18:20:43,470 - Epoch 51 | Loss: nan | Accuracy: 0.6666666666666666 | F1: 0.0
2024-11-14 18:20:49,013 - Epoch 51 | Loss: nan | Accuracy: 0.3333333333333333 | F1: 0.0
2024-11-14 18:20:55,212 - Epoch 52 | Loss: nan | Accuracy: 0.6666666666666666 | F1: 0.0
2024-11-14 18:21:00,597 - Epoch 52 | Loss: nan | Accuracy: 0.3333333333333333 | F1: 0.0
2024-11-14 18:21:06,952 - Epoch 53 | Loss: nan | Accuracy: 0.6666666666666666 | F1: 0.0
2024-11-14 18:21:12,599 - Epoch 53 | Loss: nan | Accuracy: 0.3333333333333333 | F1: 0.0
2024-11-14 18:21:18,847 - Epoch 54 | Loss: nan | Accuracy: 0.6666666666666666 | F1: 0.0
2024-11-14 18:21:24,386 - Epoch 54 | Loss: nan | Accuracy: 0.3333333333333333 | F1: 0.0
2024-11-14 18:21:30,690 - Epoch 55 | Loss: nan | Accuracy: 0.6666666666666666 | F1: 0.0
2024-11-14 18:21:36,269 - Epoch 55 | Loss: nan | Accuracy: 0.3333333333333333 | F1: 0.0
2024-11-14 18:21:42,609 - Epoch 56 | Loss: nan | Accuracy: 0.6666666666666666 | F1: 0.0
2024-11-14 18:21:47,604 - Epoch 56 | Loss: nan | Accuracy: 0.3333333333333333 | F1: 0.0
2024-11-14 18:21:54,136 - Epoch 57 | Loss: nan | Accuracy: 0.6666666666666666 | F1: 0.0
2024-11-14 18:21:59,525 - Epoch 57 | Loss: nan | Accuracy: 0.3333333333333333 | F1: 0.0
2024-11-14 18:22:05,872 - Epoch 58 | Loss: nan | Accuracy: 0.6666666666666666 | F1: 0.0
2024-11-14 18:22:11,312 - Epoch 58 | Loss: nan | Accuracy: 0.3333333333333333 | F1: 0.0
2024-11-14 18:22:17,481 - Epoch 59 | Loss: nan | Accuracy: 0.6666666666666666 | F1: 0.0
2024-11-14 18:22:22,894 - Epoch 59 | Loss: nan | Accuracy: 0.3333333333333333 | F1: 0.0
2024-11-14 18:22:29,813 - Epoch 60 | Loss: nan | Accuracy: 0.6666666666666666 | F1: 0.0
2024-11-14 18:22:35,295 - Epoch 60 | Loss: nan | Accuracy: 0.3333333333333333 | F1: 0.0
2024-11-14 18:22:41,656 - Epoch 61 | Loss: nan | Accuracy: 0.6666666666666666 | F1: 0.0
2024-11-14 18:22:47,195 - Epoch 61 | Loss: nan | Accuracy: 0.3333333333333333 | F1: 0.0
2024-11-14 18:22:53,421 - Epoch 62 | Loss: nan | Accuracy: 0.6666666666666666 | F1: 0.0
2024-11-14 18:22:58,603 - Epoch 62 | Loss: nan | Accuracy: 0.3333333333333333 | F1: 0.0
2024-11-14 18:23:04,580 - Epoch 63 | Loss: nan | Accuracy: 0.6666666666666666 | F1: 0.0
2024-11-14 18:23:09,917 - Epoch 63 | Loss: nan | Accuracy: 0.3333333333333333 | F1: 0.0
2024-11-14 18:23:16,141 - Epoch 64 | Loss: nan | Accuracy: 0.6666666666666666 | F1: 0.0
2024-11-14 18:23:21,543 - Epoch 64 | Loss: nan | Accuracy: 0.3333333333333333 | F1: 0.0
2024-11-14 18:23:27,966 - Epoch 65 | Loss: nan | Accuracy: 0.6666666666666666 | F1: 0.0
2024-11-14 18:23:33,898 - Epoch 65 | Loss: nan | Accuracy: 0.3333333333333333 | F1: 0.0
2024-11-14 18:23:40,031 - Epoch 66 | Loss: nan | Accuracy: 0.6666666666666666 | F1: 0.0
2024-11-14 18:23:45,463 - Epoch 66 | Loss: nan | Accuracy: 0.3333333333333333 | F1: 0.0
2024-11-14 18:23:51,887 - Epoch 67 | Loss: nan | Accuracy: 0.6666666666666666 | F1: 0.0
2024-11-14 18:23:57,521 - Epoch 67 | Loss: nan | Accuracy: 0.3333333333333333 | F1: 0.0
2024-11-14 18:24:03,625 - Epoch 68 | Loss: nan | Accuracy: 0.6666666666666666 | F1: 0.0
2024-11-14 18:24:08,844 - Epoch 68 | Loss: nan | Accuracy: 0.3333333333333333 | F1: 0.0
2024-11-14 18:24:14,562 - Epoch 69 | Loss: nan | Accuracy: 0.6666666666666666 | F1: 0.0
2024-11-14 18:24:20,186 - Epoch 69 | Loss: nan | Accuracy: 0.3333333333333333 | F1: 0.0
2024-11-14 18:24:25,959 - Epoch 70 | Loss: nan | Accuracy: 0.6666666666666666 | F1: 0.0
2024-11-14 18:24:31,154 - Epoch 70 | Loss: nan | Accuracy: 0.3333333333333333 | F1: 0.0
2024-11-14 18:24:36,970 - Training completed. Total time: 821.7153 seconds.
2024-11-14 18:29:42,373 - Training started.
2024-11-14 18:29:46,493 - inputs.shape: torch.Size([15, 100000, 1])
2024-11-14 18:29:52,384 - Epoch 0 | Loss: 0.6931471824645996 | Accuracy: 0.5333333333333333 | F1: 0.46153846153846156
2024-11-14 18:29:57,818 - Epoch 0 | Loss: 0.6933140158653259 | Accuracy: 0.3333333333333333 | F1: 0.0
2024-11-14 18:29:57,823 - New best model saved with accuracy: 0.3333
2024-11-14 18:30:03,562 - Epoch 1 | Loss: 0.6929807662963867 | Accuracy: 0.6666666666666666 | F1: 0.0
2024-11-14 18:30:08,815 - Epoch 1 | Loss: 0.6934810876846313 | Accuracy: 0.3333333333333333 | F1: 0.0
2024-11-14 18:30:14,872 - Epoch 2 | Loss: 0.6928144097328186 | Accuracy: 0.6666666666666666 | F1: 0.0
2024-11-14 18:30:20,040 - Epoch 2 | Loss: 0.6936482191085815 | Accuracy: 0.3333333333333333 | F1: 0.0
2024-11-14 18:30:25,809 - Epoch 3 | Loss: 0.6926483511924744 | Accuracy: 0.6666666666666666 | F1: 0.0
2024-11-14 18:30:30,993 - Epoch 3 | Loss: 0.6938158273696899 | Accuracy: 0.3333333333333333 | F1: 0.0
2024-11-14 18:30:36,909 - Epoch 4 | Loss: 0.6924826502799988 | Accuracy: 0.6666666666666666 | F1: 0.0
2024-11-14 18:30:41,994 - Epoch 4 | Loss: 0.6939835548400879 | Accuracy: 0.3333333333333333 | F1: 0.0
2024-11-14 18:30:47,876 - Epoch 5 | Loss: 0.6923171281814575 | Accuracy: 0.6666666666666666 | F1: 0.0
2024-11-14 18:30:53,020 - Epoch 5 | Loss: 0.6941515803337097 | Accuracy: 0.3333333333333333 | F1: 0.0
2024-11-14 18:30:58,707 - Epoch 6 | Loss: 0.6921519041061401 | Accuracy: 0.6666666666666666 | F1: 0.0
2024-11-14 18:31:04,078 - Epoch 6 | Loss: 0.6943197250366211 | Accuracy: 0.3333333333333333 | F1: 0.0
2024-11-14 18:31:10,168 - Epoch 7 | Loss: 0.6919869184494019 | Accuracy: 0.6666666666666666 | F1: 0.0
2024-11-14 18:31:15,654 - Epoch 7 | Loss: 0.6944881081581116 | Accuracy: 0.3333333333333333 | F1: 0.0
2024-11-14 18:31:21,671 - Epoch 8 | Loss: 0.6918222904205322 | Accuracy: 0.6666666666666666 | F1: 0.0
2024-11-14 18:31:27,487 - Epoch 8 | Loss: 0.6946567893028259 | Accuracy: 0.3333333333333333 | F1: 0.0
2024-11-14 18:31:33,434 - Epoch 9 | Loss: 0.6916579008102417 | Accuracy: 0.6666666666666666 | F1: 0.0
2024-11-14 18:31:38,610 - Epoch 9 | Loss: 0.6948255300521851 | Accuracy: 0.3333333333333333 | F1: 0.0
2024-11-14 18:31:44,601 - Epoch 10 | Loss: 0.691493809223175 | Accuracy: 0.6666666666666666 | F1: 0.0
2024-11-14 18:31:49,883 - Epoch 10 | Loss: 0.6949946284294128 | Accuracy: 0.3333333333333333 | F1: 0.0
2024-11-14 18:31:55,907 - Epoch 11 | Loss: 0.6913301348686218 | Accuracy: 0.6666666666666666 | F1: 0.0
2024-11-14 18:32:01,108 - Epoch 11 | Loss: 0.695163905620575 | Accuracy: 0.3333333333333333 | F1: 0.0
2024-11-14 18:32:07,267 - Epoch 12 | Loss: 0.6911665797233582 | Accuracy: 0.6666666666666666 | F1: 0.0
2024-11-14 18:32:12,475 - Epoch 12 | Loss: 0.6953332424163818 | Accuracy: 0.3333333333333333 | F1: 0.0
2024-11-14 18:32:18,724 - Epoch 13 | Loss: 0.6910033822059631 | Accuracy: 0.6666666666666666 | F1: 0.0
2024-11-14 18:32:24,325 - Epoch 13 | Loss: 0.6955028772354126 | Accuracy: 0.3333333333333333 | F1: 0.0
2024-11-14 18:32:30,141 - Epoch 14 | Loss: 0.6908405423164368 | Accuracy: 0.6666666666666666 | F1: 0.0
2024-11-14 18:32:35,359 - Epoch 14 | Loss: 0.6956725716590881 | Accuracy: 0.3333333333333333 | F1: 0.0
2024-11-14 18:32:41,709 - Epoch 15 | Loss: 0.6906778812408447 | Accuracy: 0.6666666666666666 | F1: 0.0
2024-11-14 18:32:46,872 - Epoch 15 | Loss: 0.6958426237106323 | Accuracy: 0.3333333333333333 | F1: 0.0
2024-11-14 18:32:52,750 - Epoch 16 | Loss: 0.6905156970024109 | Accuracy: 0.6666666666666666 | F1: 0.0
2024-11-14 18:32:58,010 - Epoch 16 | Loss: 0.6960127949714661 | Accuracy: 0.3333333333333333 | F1: 0.0
2024-11-14 18:33:04,349 - Epoch 17 | Loss: 0.6903536915779114 | Accuracy: 0.6666666666666666 | F1: 0.0
2024-11-14 18:33:09,902 - Epoch 17 | Loss: 0.6961830854415894 | Accuracy: 0.3333333333333333 | F1: 0.0
2024-11-14 18:33:16,464 - Epoch 18 | Loss: 0.6901919841766357 | Accuracy: 0.6666666666666666 | F1: 0.0
2024-11-14 18:33:21,958 - Epoch 18 | Loss: 0.6963536143302917 | Accuracy: 0.3333333333333333 | F1: 0.0
2024-11-14 18:33:28,320 - Epoch 19 | Loss: 0.6900306940078735 | Accuracy: 0.6666666666666666 | F1: 0.0
2024-11-14 18:33:33,781 - Epoch 19 | Loss: 0.6965243220329285 | Accuracy: 0.3333333333333333 | F1: 0.0
2024-11-14 18:33:39,907 - Epoch 20 | Loss: 0.6898697018623352 | Accuracy: 0.6666666666666666 | F1: 0.0
2024-11-14 18:33:45,317 - Epoch 20 | Loss: 0.6966952085494995 | Accuracy: 0.3333333333333333 | F1: 0.0
2024-11-14 18:33:51,513 - Epoch 21 | Loss: 0.6897091269493103 | Accuracy: 0.6666666666666666 | F1: 0.0
2024-11-14 18:33:57,211 - Epoch 21 | Loss: 0.6968662142753601 | Accuracy: 0.3333333333333333 | F1: 0.0
2024-11-14 18:34:03,364 - Epoch 22 | Loss: 0.6895487904548645 | Accuracy: 0.6666666666666666 | F1: 0.0
2024-11-14 18:34:08,798 - Epoch 22 | Loss: 0.697037398815155 | Accuracy: 0.3333333333333333 | F1: 0.0
2024-11-14 18:34:15,064 - Epoch 23 | Loss: 0.6893886923789978 | Accuracy: 0.6666666666666666 | F1: 0.0
2024-11-14 18:34:20,535 - Epoch 23 | Loss: 0.6972087025642395 | Accuracy: 0.3333333333333333 | F1: 0.0
2024-11-14 18:34:26,548 - Epoch 24 | Loss: 0.6892290115356445 | Accuracy: 0.6666666666666666 | F1: 0.0
2024-11-14 18:34:31,858 - Epoch 24 | Loss: 0.6973801851272583 | Accuracy: 0.3333333333333333 | F1: 0.0
2024-11-14 18:34:37,941 - Epoch 25 | Loss: 0.6890696287155151 | Accuracy: 0.6666666666666666 | F1: 0.0
2024-11-14 18:34:43,292 - Epoch 25 | Loss: 0.6975175142288208 | Accuracy: 0.3333333333333333 | F1: 0.0
2024-11-14 18:34:49,458 - Epoch 26 | Loss: 0.6889424324035645 | Accuracy: 0.6666666666666666 | F1: 0.0
2024-11-14 18:34:54,790 - Epoch 26 | Loss: 0.6976547837257385 | Accuracy: 0.3333333333333333 | F1: 0.0
2024-11-14 18:35:00,470 - Epoch 27 | Loss: 0.6888153553009033 | Accuracy: 0.6666666666666666 | F1: 0.0
2024-11-14 18:35:05,706 - Epoch 27 | Loss: 0.6977922320365906 | Accuracy: 0.3333333333333333 | F1: 0.0
2024-11-14 18:35:11,522 - Epoch 28 | Loss: 0.6886886358261108 | Accuracy: 0.6666666666666666 | F1: 0.0
2024-11-14 18:35:16,540 - Epoch 28 | Loss: 0.6979297995567322 | Accuracy: 0.3333333333333333 | F1: 0.0
2024-11-14 18:35:22,381 - Epoch 29 | Loss: 0.6885620355606079 | Accuracy: 0.6666666666666666 | F1: 0.0
2024-11-14 18:35:27,626 - Epoch 29 | Loss: 0.6980673670768738 | Accuracy: 0.3333333333333333 | F1: 0.0
2024-11-14 18:35:33,741 - Epoch 30 | Loss: 0.6884357333183289 | Accuracy: 0.6666666666666666 | F1: 0.0
2024-11-14 18:35:39,004 - Epoch 30 | Loss: 0.6982051134109497 | Accuracy: 0.3333333333333333 | F1: 0.0
2024-11-14 18:35:44,992 - Epoch 31 | Loss: 0.6883096694946289 | Accuracy: 0.6666666666666666 | F1: 0.0
2024-11-14 18:35:50,290 - Epoch 31 | Loss: 0.6983429193496704 | Accuracy: 0.3333333333333333 | F1: 0.0
2024-11-14 18:35:56,757 - Epoch 32 | Loss: 0.6881837844848633 | Accuracy: 0.6666666666666666 | F1: 0.0
2024-11-14 18:36:02,318 - Epoch 32 | Loss: 0.6984807848930359 | Accuracy: 0.3333333333333333 | F1: 0.0
2024-11-14 18:36:08,359 - Epoch 33 | Loss: 0.688058078289032 | Accuracy: 0.6666666666666666 | F1: 0.0
2024-11-14 18:36:13,730 - Epoch 33 | Loss: 0.6986186504364014 | Accuracy: 0.3333333333333333 | F1: 0.0
2024-11-14 18:36:19,509 - Epoch 34 | Loss: 0.6879326701164246 | Accuracy: 0.6666666666666666 | F1: 0.0
2024-11-14 18:36:24,692 - Epoch 34 | Loss: 0.6987566947937012 | Accuracy: 0.3333333333333333 | F1: 0.0
2024-11-14 18:36:30,567 - Epoch 35 | Loss: 0.6878074407577515 | Accuracy: 0.6666666666666666 | F1: 0.0
2024-11-14 18:36:35,714 - Epoch 35 | Loss: 0.6988947987556458 | Accuracy: 0.3333333333333333 | F1: 0.0
2024-11-14 18:36:41,567 - Epoch 36 | Loss: 0.6876824498176575 | Accuracy: 0.6666666666666666 | F1: 0.0
2024-11-14 18:36:46,579 - Epoch 36 | Loss: 0.6990330219268799 | Accuracy: 0.3333333333333333 | F1: 0.0
2024-11-14 18:36:52,343 - Epoch 37 | Loss: 0.6875577569007874 | Accuracy: 0.6666666666666666 | F1: 0.0
2024-11-14 18:36:57,520 - Epoch 37 | Loss: 0.699171245098114 | Accuracy: 0.3333333333333333 | F1: 0.0
2024-11-14 18:37:03,480 - Epoch 38 | Loss: 0.687433123588562 | Accuracy: 0.6666666666666666 | F1: 0.0
2024-11-14 18:37:08,641 - Epoch 38 | Loss: 0.6993095874786377 | Accuracy: 0.3333333333333333 | F1: 0.0
2024-11-14 18:37:14,532 - Epoch 39 | Loss: 0.6873088479042053 | Accuracy: 0.6666666666666666 | F1: 0.0
2024-11-14 18:37:19,604 - Epoch 39 | Loss: 0.6994480490684509 | Accuracy: 0.3333333333333333 | F1: 0.0
2024-11-14 18:37:25,337 - Epoch 40 | Loss: 0.687184751033783 | Accuracy: 0.6666666666666666 | F1: 0.0
2024-11-14 18:37:30,528 - Epoch 40 | Loss: 0.6995865106582642 | Accuracy: 0.3333333333333333 | F1: 0.0
2024-11-14 18:37:36,549 - Epoch 41 | Loss: 0.6870608925819397 | Accuracy: 0.6666666666666666 | F1: 0.0
2024-11-14 18:37:41,800 - Epoch 41 | Loss: 0.6997252106666565 | Accuracy: 0.3333333333333333 | F1: 0.0
2024-11-14 18:37:47,737 - Epoch 42 | Loss: 0.6869372129440308 | Accuracy: 0.6666666666666666 | F1: 0.0
2024-11-14 18:37:52,894 - Epoch 42 | Loss: 0.6998637318611145 | Accuracy: 0.3333333333333333 | F1: 0.0
2024-11-14 18:37:58,778 - Epoch 43 | Loss: 0.6868138313293457 | Accuracy: 0.6666666666666666 | F1: 0.0
2024-11-14 18:38:03,983 - Epoch 43 | Loss: 0.7000024318695068 | Accuracy: 0.3333333333333333 | F1: 0.0
2024-11-14 18:38:09,862 - Epoch 44 | Loss: 0.686690628528595 | Accuracy: 0.6666666666666666 | F1: 0.0
2024-11-14 18:38:15,245 - Epoch 44 | Loss: 0.7001413106918335 | Accuracy: 0.3333333333333333 | F1: 0.0
2024-11-14 18:38:21,165 - Epoch 45 | Loss: 0.6865677237510681 | Accuracy: 0.6666666666666666 | F1: 0.0
2024-11-14 18:38:26,375 - Epoch 45 | Loss: 0.7002801895141602 | Accuracy: 0.3333333333333333 | F1: 0.0
2024-11-14 18:38:32,305 - Epoch 46 | Loss: 0.686444878578186 | Accuracy: 0.6666666666666666 | F1: 0.0
2024-11-14 18:38:37,633 - Epoch 46 | Loss: 0.7004191279411316 | Accuracy: 0.3333333333333333 | F1: 0.0
2024-11-14 18:38:43,686 - Epoch 47 | Loss: 0.6863224506378174 | Accuracy: 0.6666666666666666 | F1: 0.0
2024-11-14 18:38:49,044 - Epoch 47 | Loss: 0.7005581259727478 | Accuracy: 0.3333333333333333 | F1: 0.0
2024-11-14 18:38:55,294 - Epoch 48 | Loss: 0.6862000226974487 | Accuracy: 0.6666666666666666 | F1: 0.0
2024-11-14 18:39:00,707 - Epoch 48 | Loss: 0.7006972432136536 | Accuracy: 0.3333333333333333 | F1: 0.0
2024-11-14 18:39:06,919 - Epoch 49 | Loss: 0.6860780715942383 | Accuracy: 0.6666666666666666 | F1: 0.0
2024-11-14 18:39:12,417 - Epoch 49 | Loss: 0.7008364796638489 | Accuracy: 0.3333333333333333 | F1: 0.0
2024-11-14 18:39:18,593 - Epoch 50 | Loss: 0.6859561204910278 | Accuracy: 0.6666666666666666 | F1: 0.0
2024-11-14 18:39:24,050 - Epoch 50 | Loss: 0.7009478807449341 | Accuracy: 0.3333333333333333 | F1: 0.0
2024-11-14 18:39:30,078 - Epoch 51 | Loss: 0.6858589053153992 | Accuracy: 0.6666666666666666 | F1: 0.0
2024-11-14 18:39:35,501 - Epoch 51 | Loss: 0.7010592222213745 | Accuracy: 0.3333333333333333 | F1: 0.0
2024-11-14 18:39:41,399 - Epoch 52 | Loss: 0.6857616901397705 | Accuracy: 0.6666666666666666 | F1: 0.0
2024-11-14 18:39:46,781 - Epoch 52 | Loss: 0.7011706829071045 | Accuracy: 0.3333333333333333 | F1: 0.0
2024-11-14 18:39:52,771 - Epoch 53 | Loss: 0.6856646537780762 | Accuracy: 0.6666666666666666 | F1: 0.0
2024-11-14 18:39:58,529 - Epoch 53 | Loss: 0.7012821435928345 | Accuracy: 0.3333333333333333 | F1: 0.0
2024-11-14 18:40:04,558 - Epoch 54 | Loss: 0.6855678558349609 | Accuracy: 0.6666666666666666 | F1: 0.0
2024-11-14 18:40:10,071 - Epoch 54 | Loss: 0.7013936638832092 | Accuracy: 0.3333333333333333 | F1: 0.0
2024-11-14 18:40:16,214 - Epoch 55 | Loss: 0.6854710578918457 | Accuracy: 0.6666666666666666 | F1: 0.0
2024-11-14 18:40:21,391 - Epoch 55 | Loss: 0.7015052437782288 | Accuracy: 0.3333333333333333 | F1: 0.0
2024-11-14 18:40:27,454 - Epoch 56 | Loss: 0.6853744983673096 | Accuracy: 0.6666666666666666 | F1: 0.0
2024-11-14 18:40:32,900 - Epoch 56 | Loss: 0.7016168236732483 | Accuracy: 0.3333333333333333 | F1: 0.0
2024-11-14 18:40:38,883 - Epoch 57 | Loss: 0.6852781176567078 | Accuracy: 0.6666666666666666 | F1: 0.0
2024-11-14 18:40:43,912 - Epoch 57 | Loss: 0.7017285823822021 | Accuracy: 0.3333333333333333 | F1: 0.0
2024-11-14 18:40:50,077 - Epoch 58 | Loss: 0.6851819157600403 | Accuracy: 0.6666666666666666 | F1: 0.0
2024-11-14 18:40:55,432 - Epoch 58 | Loss: 0.7018402218818665 | Accuracy: 0.3333333333333333 | F1: 0.0
2024-11-14 18:41:01,270 - Epoch 59 | Loss: 0.685085654258728 | Accuracy: 0.6666666666666666 | F1: 0.0
2024-11-14 18:41:06,294 - Epoch 59 | Loss: 0.7019520401954651 | Accuracy: 0.3333333333333333 | F1: 0.0
2024-11-14 18:41:12,178 - Epoch 60 | Loss: 0.6849896907806396 | Accuracy: 0.6666666666666666 | F1: 0.0
2024-11-14 18:41:17,359 - Epoch 60 | Loss: 0.702063798904419 | Accuracy: 0.3333333333333333 | F1: 0.0
2024-11-14 18:41:23,022 - Epoch 61 | Loss: 0.6848938465118408 | Accuracy: 0.6666666666666666 | F1: 0.0
2024-11-14 18:41:28,139 - Epoch 61 | Loss: 0.7021755576133728 | Accuracy: 0.3333333333333333 | F1: 0.0
2024-11-14 18:41:33,832 - Epoch 62 | Loss: 0.6847981214523315 | Accuracy: 0.6666666666666666 | F1: 0.0
2024-11-14 18:41:39,424 - Epoch 62 | Loss: 0.702287495136261 | Accuracy: 0.3333333333333333 | F1: 0.0
2024-11-14 18:41:45,550 - Epoch 63 | Loss: 0.6847025752067566 | Accuracy: 0.6666666666666666 | F1: 0.0
2024-11-14 18:41:50,624 - Epoch 63 | Loss: 0.7023994326591492 | Accuracy: 0.3333333333333333 | F1: 0.0
2024-11-14 18:41:57,029 - Epoch 64 | Loss: 0.684607207775116 | Accuracy: 0.6666666666666666 | F1: 0.0
2024-11-14 18:42:02,461 - Epoch 64 | Loss: 0.7025113701820374 | Accuracy: 0.3333333333333333 | F1: 0.0
2024-11-14 18:42:08,402 - Epoch 65 | Loss: 0.6845118999481201 | Accuracy: 0.6666666666666666 | F1: 0.0
2024-11-14 18:42:13,480 - Epoch 65 | Loss: 0.7026234269142151 | Accuracy: 0.3333333333333333 | F1: 0.0
2024-11-14 18:42:19,505 - Epoch 66 | Loss: 0.6844167709350586 | Accuracy: 0.6666666666666666 | F1: 0.0
2024-11-14 18:42:24,787 - Epoch 66 | Loss: 0.702735424041748 | Accuracy: 0.3333333333333333 | F1: 0.0
2024-11-14 18:42:30,750 - Epoch 67 | Loss: 0.6843217611312866 | Accuracy: 0.6666666666666666 | F1: 0.0
2024-11-14 18:42:36,021 - Epoch 67 | Loss: 0.7028475999832153 | Accuracy: 0.3333333333333333 | F1: 0.0
2024-11-14 18:42:42,012 - Epoch 68 | Loss: 0.6842268705368042 | Accuracy: 0.6666666666666666 | F1: 0.0
2024-11-14 18:42:47,201 - Epoch 68 | Loss: 0.7029597163200378 | Accuracy: 0.3333333333333333 | F1: 0.0
2024-11-14 18:42:53,386 - Epoch 69 | Loss: 0.6841321587562561 | Accuracy: 0.6666666666666666 | F1: 0.0
2024-11-14 18:42:58,463 - Epoch 69 | Loss: 0.7030718922615051 | Accuracy: 0.3333333333333333 | F1: 0.0
2024-11-14 18:43:04,562 - Epoch 70 | Loss: 0.6840375661849976 | Accuracy: 0.6666666666666666 | F1: 0.0
2024-11-14 18:43:09,950 - Epoch 70 | Loss: 0.7031840085983276 | Accuracy: 0.3333333333333333 | F1: 0.0
2024-11-14 18:43:16,085 - Epoch 71 | Loss: 0.6839431524276733 | Accuracy: 0.6666666666666666 | F1: 0.0
2024-11-14 18:43:21,271 - Epoch 71 | Loss: 0.703296422958374 | Accuracy: 0.3333333333333333 | F1: 0.0
2024-11-14 18:43:27,356 - Epoch 72 | Loss: 0.6838488578796387 | Accuracy: 0.6666666666666666 | F1: 0.0
2024-11-14 18:43:32,562 - Epoch 72 | Loss: 0.7034087181091309 | Accuracy: 0.3333333333333333 | F1: 0.0
2024-11-14 18:43:38,669 - Epoch 73 | Loss: 0.6837546229362488 | Accuracy: 0.6666666666666666 | F1: 0.0
2024-11-14 18:43:43,943 - Epoch 73 | Loss: 0.7035211324691772 | Accuracy: 0.3333333333333333 | F1: 0.0
2024-11-14 18:43:50,162 - Epoch 74 | Loss: 0.6836606860160828 | Accuracy: 0.6666666666666666 | F1: 0.0
2024-11-14 18:43:55,550 - Epoch 74 | Loss: 0.7036335468292236 | Accuracy: 0.3333333333333333 | F1: 0.0
2024-11-14 18:44:01,437 - Epoch 75 | Loss: 0.6835668087005615 | Accuracy: 0.6666666666666666 | F1: 0.0
2024-11-14 18:44:06,617 - Epoch 75 | Loss: 0.7037234306335449 | Accuracy: 0.3333333333333333 | F1: 0.0
2024-11-14 18:44:12,635 - Epoch 76 | Loss: 0.6834917664527893 | Accuracy: 0.6666666666666666 | F1: 0.0
2024-11-14 18:44:17,658 - Epoch 76 | Loss: 0.7038134336471558 | Accuracy: 0.3333333333333333 | F1: 0.0
2024-11-14 18:44:23,453 - Epoch 77 | Loss: 0.6834169030189514 | Accuracy: 0.6666666666666666 | F1: 0.0
2024-11-14 18:44:28,824 - Epoch 77 | Loss: 0.7039034366607666 | Accuracy: 0.3333333333333333 | F1: 0.0
2024-11-14 18:44:34,524 - Epoch 78 | Loss: 0.6833420395851135 | Accuracy: 0.6666666666666666 | F1: 0.0
2024-11-14 18:44:39,625 - Epoch 78 | Loss: 0.7039933800697327 | Accuracy: 0.3333333333333333 | F1: 0.0
2024-11-14 18:44:45,787 - Epoch 79 | Loss: 0.6832672357559204 | Accuracy: 0.6666666666666666 | F1: 0.0
2024-11-14 18:44:51,134 - Epoch 79 | Loss: 0.7040835022926331 | Accuracy: 0.3333333333333333 | F1: 0.0
2024-11-14 18:44:56,914 - Epoch 80 | Loss: 0.6831926107406616 | Accuracy: 0.6666666666666666 | F1: 0.0
2024-11-14 18:45:02,215 - Epoch 80 | Loss: 0.7041735649108887 | Accuracy: 0.3333333333333333 | F1: 0.0
2024-11-14 18:45:08,038 - Epoch 81 | Loss: 0.6831180453300476 | Accuracy: 0.6666666666666666 | F1: 0.0
2024-11-14 18:45:13,485 - Epoch 81 | Loss: 0.7042637467384338 | Accuracy: 0.3333333333333333 | F1: 0.0
2024-11-14 18:45:19,518 - Epoch 82 | Loss: 0.6830435991287231 | Accuracy: 0.6666666666666666 | F1: 0.0
2024-11-14 18:45:24,912 - Epoch 82 | Loss: 0.7043537497520447 | Accuracy: 0.3333333333333333 | F1: 0.0
2024-11-14 18:45:30,910 - Epoch 83 | Loss: 0.6829692125320435 | Accuracy: 0.6666666666666666 | F1: 0.0
2024-11-14 18:45:36,338 - Epoch 83 | Loss: 0.7044440507888794 | Accuracy: 0.3333333333333333 | F1: 0.0
2024-11-14 18:45:42,283 - Epoch 84 | Loss: 0.6828948855400085 | Accuracy: 0.6666666666666666 | F1: 0.0
2024-11-14 18:45:47,477 - Epoch 84 | Loss: 0.704534113407135 | Accuracy: 0.3333333333333333 | F1: 0.0
2024-11-14 18:45:53,521 - Epoch 85 | Loss: 0.6828206777572632 | Accuracy: 0.6666666666666666 | F1: 0.0
2024-11-14 18:45:58,681 - Epoch 85 | Loss: 0.704624354839325 | Accuracy: 0.3333333333333333 | F1: 0.0
2024-11-14 18:46:04,526 - Epoch 86 | Loss: 0.6827465295791626 | Accuracy: 0.6666666666666666 | F1: 0.0
2024-11-14 18:46:09,784 - Epoch 86 | Loss: 0.7047145962715149 | Accuracy: 0.3333333333333333 | F1: 0.0
2024-11-14 18:46:15,722 - Epoch 87 | Loss: 0.6826725602149963 | Accuracy: 0.6666666666666666 | F1: 0.0
2024-11-14 18:46:20,855 - Epoch 87 | Loss: 0.7048048973083496 | Accuracy: 0.3333333333333333 | F1: 0.0
2024-11-14 18:46:26,588 - Epoch 88 | Loss: 0.6825985312461853 | Accuracy: 0.6666666666666666 | F1: 0.0
2024-11-14 18:46:31,829 - Epoch 88 | Loss: 0.7048951983451843 | Accuracy: 0.3333333333333333 | F1: 0.0
2024-11-14 18:46:37,560 - Epoch 89 | Loss: 0.6825246810913086 | Accuracy: 0.6666666666666666 | F1: 0.0
2024-11-14 18:46:42,897 - Epoch 89 | Loss: 0.704985499382019 | Accuracy: 0.3333333333333333 | F1: 0.0
2024-11-14 18:46:48,877 - Epoch 90 | Loss: 0.6824508905410767 | Accuracy: 0.6666666666666666 | F1: 0.0
2024-11-14 18:46:53,865 - Epoch 90 | Loss: 0.7050758600234985 | Accuracy: 0.3333333333333333 | F1: 0.0
2024-11-14 18:46:59,507 - Epoch 91 | Loss: 0.6823770999908447 | Accuracy: 0.6666666666666666 | F1: 0.0
2024-11-14 18:47:03,294 - Training completed. Total time: 1040.9205 seconds.
2024-11-15 18:24:03,353 - Training started.
2024-11-15 18:24:47,148 - Training started.
2024-11-15 18:24:51,773 - inputs.shape: torch.Size([140, 1000, 1])
2024-11-15 18:24:56,508 - Epoch 0 | Loss: 0.6931471824645996 | Accuracy: 0.55 | F1: 0.5401459854014599
2024-11-15 18:25:00,241 - Epoch 0 | Loss: 0.6931614279747009 | Accuracy: 0.3333333333333333 | F1: 0.5
2024-11-15 18:25:00,250 - New best model saved with accuracy: 0.3333
2024-11-15 18:25:04,511 - Epoch 1 | Loss: 0.6931471228599548 | Accuracy: 0.5 | F1: 0.6666666666666666
2024-11-15 18:25:08,141 - Epoch 1 | Loss: 0.6930376887321472 | Accuracy: 0.6666666666666666 | F1: 0.0
2024-11-15 18:25:08,141 - Removed previous best model: ./models/best_model_20241115_182500_binary_MambaBEAT_1k_0.3333.pth
2024-11-15 18:25:08,148 - New best model saved with accuracy: 0.6667
2024-11-15 18:25:12,134 - Epoch 2 | Loss: 0.6931473016738892 | Accuracy: 0.5 | F1: 0.0
2024-11-15 18:25:15,669 - Epoch 2 | Loss: 0.6931307911872864 | Accuracy: 0.6666666666666666 | F1: 0.0
2024-11-15 19:15:27,609 - Training started.
2024-11-15 19:15:32,622 - inputs.shape: torch.Size([140, 1000, 1])
2024-11-15 19:15:55,300 - Epoch 0 | Loss: 0.6931471824645996 | Accuracy: 0.5 | F1: 0.0
2024-11-15 19:16:00,210 - Epoch 0 | Loss: 0.6931210160255432 | Accuracy: 0.6666666666666666 | F1: 0.0
2024-11-15 19:16:00,223 - New best model saved with accuracy: 0.6667
2024-11-15 19:16:21,507 - Epoch 1 | Loss: 0.6931471228599548 | Accuracy: 0.5 | F1: 0.0
2024-11-15 19:16:26,061 - Epoch 1 | Loss: 0.6932450532913208 | Accuracy: 0.3333333333333333 | F1: 0.5
2024-11-15 19:16:47,395 - Epoch 2 | Loss: 0.6931472420692444 | Accuracy: 0.5 | F1: 0.6666666666666666
2024-11-15 19:16:51,762 - Epoch 2 | Loss: 0.6931669116020203 | Accuracy: 0.3333333333333333 | F1: 0.5
2024-11-15 19:17:12,514 - Epoch 3 | Loss: 0.6931471824645996 | Accuracy: 0.5 | F1: 0.6666666666666666
2024-11-15 19:17:16,819 - Epoch 3 | Loss: 0.6930856704711914 | Accuracy: 0.6666666666666666 | F1: 0.0
2024-11-15 19:17:37,855 - Epoch 4 | Loss: 0.6931473016738892 | Accuracy: 0.5 | F1: 0.0
2024-11-15 19:17:42,380 - Epoch 4 | Loss: 0.6930733919143677 | Accuracy: 0.6666666666666666 | F1: 0.0
2024-11-15 19:18:03,305 - Epoch 5 | Loss: 0.6931471824645996 | Accuracy: 0.5 | F1: 0.0
2024-11-15 19:18:07,615 - Epoch 5 | Loss: 0.693109929561615 | Accuracy: 0.6666666666666666 | F1: 0.0
2024-11-15 19:18:21,655 - Epoch 6 | Loss: 0.6931472420692444 | Accuracy: 0.5 | F1: 0.0
2024-11-15 19:18:26,188 - Epoch 6 | Loss: 0.6931624412536621 | Accuracy: 0.3333333333333333 | F1: 0.5
2024-11-15 19:18:41,841 - Epoch 7 | Loss: 0.6931471824645996 | Accuracy: 0.5 | F1: 0.6666666666666666
2024-11-15 19:18:46,617 - Epoch 7 | Loss: 0.6931998133659363 | Accuracy: 0.3333333333333333 | F1: 0.5
2024-11-15 19:19:03,782 - Epoch 8 | Loss: 0.6931471824645996 | Accuracy: 0.5 | F1: 0.6666666666666666
2024-11-15 19:19:08,209 - Epoch 8 | Loss: 0.6932035684585571 | Accuracy: 0.3333333333333333 | F1: 0.5
2024-11-15 19:19:26,020 - Epoch 9 | Loss: 0.6931471824645996 | Accuracy: 0.5 | F1: 0.6666666666666666
2024-11-15 19:19:30,592 - Epoch 9 | Loss: 0.693179190158844 | Accuracy: 0.3333333333333333 | F1: 0.5
2024-11-15 19:19:48,382 - Epoch 10 | Loss: 0.6931471824645996 | Accuracy: 0.5 | F1: 0.6666666666666666
2024-11-15 19:19:53,270 - Epoch 10 | Loss: 0.6931424140930176 | Accuracy: 0.6666666666666666 | F1: 0.0
2024-11-15 19:20:11,765 - Epoch 11 | Loss: 0.6931471824645996 | Accuracy: 0.5 | F1: 0.0
2024-11-15 19:20:16,085 - Epoch 11 | Loss: 0.6931117177009583 | Accuracy: 0.6666666666666666 | F1: 0.0
2024-11-15 19:20:33,838 - Epoch 12 | Loss: 0.6931471824645996 | Accuracy: 0.5 | F1: 0.0
2024-11-15 19:20:45,052 - Training completed. Total time: 317.4426 seconds.
2024-11-15 19:24:04,889 - Training started.
2024-11-15 19:24:09,198 - inputs.shape: torch.Size([140, 1000, 1])
2024-11-15 19:24:13,223 - Epoch 0 | Loss: 0.6931471824645996 | Accuracy: 0.4857142857142857 | F1: 0.4626865671641791
2024-11-15 19:24:16,749 - Epoch 0 | Loss: 0.6931329965591431 | Accuracy: 0.6666666666666666 | F1: 0.0
2024-11-15 19:24:16,754 - New best model saved with accuracy: 0.6667
2024-11-15 19:24:20,681 - Epoch 1 | Loss: 0.6931471824645996 | Accuracy: 0.5 | F1: 0.0
2024-11-15 19:24:24,177 - Epoch 1 | Loss: 0.6932569742202759 | Accuracy: 0.3333333333333333 | F1: 0.5
2024-11-15 19:24:28,041 - Epoch 2 | Loss: 0.6931473612785339 | Accuracy: 0.5 | F1: 0.6666666666666666
2024-11-15 19:24:31,623 - Epoch 2 | Loss: 0.6931635737419128 | Accuracy: 0.3333333333333333 | F1: 0.5
2024-11-15 19:24:35,441 - Epoch 3 | Loss: 0.6931471824645996 | Accuracy: 0.5 | F1: 0.6666666666666666
2024-11-15 19:24:38,945 - Epoch 3 | Loss: 0.6930738687515259 | Accuracy: 0.6666666666666666 | F1: 0.0
2024-11-15 19:24:42,840 - Epoch 4 | Loss: 0.6931471824645996 | Accuracy: 0.5 | F1: 0.0
2024-11-15 19:24:46,373 - Epoch 4 | Loss: 0.6930603384971619 | Accuracy: 0.6666666666666666 | F1: 0.0
2024-11-15 19:24:50,436 - Epoch 5 | Loss: 0.6931471824645996 | Accuracy: 0.5 | F1: 0.0
2024-11-15 19:24:54,044 - Epoch 5 | Loss: 0.6930981278419495 | Accuracy: 0.6666666666666666 | F1: 0.0
2024-11-15 21:53:51,184 - Training started.
2024-11-15 21:53:56,529 - inputs.shape: torch.Size([140, 1000, 1])
2024-11-17 13:06:52,393 - Training started.
2024-11-17 13:07:23,969 - Training started.
2024-11-17 13:07:29,422 - inputs.shape: torch.Size([140, 1000, 1])
2024-11-17 13:07:29,578 - Loading pre-trained weights from C:\wenjian\MasterArbeit\Code\repo\test_repo\src\benchmarks\binary_MambaBEAT_1k.pth
2024-11-17 13:07:29,582 - Loaded entire model instance.
